#
# There is insufficient memory for the Java Runtime Environment to continue.
# Native memory allocation (malloc) failed to allocate 713136 bytes for Chunk::new
# Possible reasons:
#   The system is out of physical RAM or swap space
#   The process is running with CompressedOops enabled, and the Java Heap may be blocking the growth of the native heap
# Possible solutions:
#   Reduce memory load on the system
#   Increase physical memory or swap space
#   Check if swap backing store is full
#   Decrease Java heap size (-Xmx/-Xms)
#   Decrease number of Java threads
#   Decrease Java thread stack sizes (-Xss)
#   Set larger code cache with -XX:ReservedCodeCacheSize=
#   JVM is running with Unscaled Compressed Oops mode in which the Java heap is
#     placed in the first 4GB address space. The Java Heap base address is the
#     maximum limit for the native heap growth. Please use -XX:HeapBaseMinAddress
#     to set the Java Heap base and to place the Java Heap above 4GB virtual address.
# This output file may be truncated or incomplete.
#
#  Out of Memory Error (./src/hotspot/share/memory/arena.cpp:197), pid=12464, tid=3516
#
# JRE version: OpenJDK Runtime Environment (11.0.8+10) (build 11.0.8+10-b944.6842174)
# Java VM: OpenJDK 64-Bit Server VM (11.0.8+10-b944.6842174, mixed mode, tiered, compressed oops, g1 gc, windows-amd64)
# No core dump will be written. Minidumps are not enabled by default on client versions of Windows
#

---------------  S U M M A R Y ------------

Command Line: --add-opens=java.base/java.util=ALL-UNNAMED --add-opens=java.base/java.lang=ALL-UNNAMED --add-opens=java.base/java.lang.invoke=ALL-UNNAMED --add-opens=java.prefs/java.util.prefs=ALL-UNNAMED -Xmx2048m -Dfile.encoding=UTF-8 -Duser.country=US -Duser.language=en -Duser.variant org.gradle.launcher.daemon.bootstrap.GradleDaemon 6.7.1

Host: Intel(R) Celeron(R) CPU  N3160  @ 1.60GHz, 4 cores, 7G,  Windows 10 , 64 bit Build 19041 (10.0.19041.1202)
Time: Mon Oct 18 20:37:00 2021 E. Africa Standard Time elapsed time: 5840 seconds (0d 1h 37m 20s)

---------------  T H R E A D  ---------------

Current thread (0x0000025cff259000):  JavaThread "C2 CompilerThread0" daemon [_thread_in_native, id=3516, stack(0x000000f4d9800000,0x000000f4d9900000)]


Current CompileTask:
C2:5840268 2661       4       org.gradle.internal.logging.slf4j.OutputEventListenerBackedLogger::log (36 bytes)

Stack: [0x000000f4d9800000,0x000000f4d9900000]
Native frames: (J=compiled Java code, j=interpreted, Vv=VM code, C=native code)
V  [jvm.dll+0x5de50a]
V  [jvm.dll+0x7122f5]
V  [jvm.dll+0x71384d]
V  [jvm.dll+0x713f03]
V  [jvm.dll+0x23e728]
V  [jvm.dll+0xb899c]
V  [jvm.dll+0xb8e9c]
V  [jvm.dll+0x35020b]
V  [jvm.dll+0x31dea3]
V  [jvm.dll+0x31d39a]
V  [jvm.dll+0x1f7702]
V  [jvm.dll+0x1f68d4]
V  [jvm.dll+0x17f32c]
V  [jvm.dll+0x205047]
V  [jvm.dll+0x203891]
V  [jvm.dll+0x6dad3f]
V  [jvm.dll+0x6d3895]
V  [jvm.dll+0x5dd4a6]
C  [ucrtbase.dll+0x21bb2]
C  [KERNEL32.DLL+0x17034]
C  [ntdll.dll+0x52651]


---------------  P R O C E S S  ---------------

Threads class SMR info:
_java_thread_list=0x0000025c96a9bf90, length=13, elements={
0x0000025cfa7db800, 0x0000025cff23f800, 0x0000025cff249800, 0x0000025cffbd2800,
0x0000025cff254800, 0x0000025cff259000, 0x0000025cff261800, 0x0000025cff263800,
0x0000025cffd00800, 0x0000025cffd03800, 0x0000025c961a9800, 0x0000025c964d1800,
0x0000025c959e9800
}

Java Threads: ( => current thread )
  0x0000025cfa7db800 JavaThread "main" [_thread_blocked, id=12084, stack(0x000000f4d8d00000,0x000000f4d8e00000)]
  0x0000025cff23f800 JavaThread "Reference Handler" daemon [_thread_blocked, id=9580, stack(0x000000f4d9400000,0x000000f4d9500000)]
  0x0000025cff249800 JavaThread "Finalizer" daemon [_thread_blocked, id=8960, stack(0x000000f4d9500000,0x000000f4d9600000)]
  0x0000025cffbd2800 JavaThread "Signal Dispatcher" daemon [_thread_blocked, id=5316, stack(0x000000f4d9600000,0x000000f4d9700000)]
  0x0000025cff254800 JavaThread "Attach Listener" daemon [_thread_blocked, id=12108, stack(0x000000f4d9700000,0x000000f4d9800000)]
=>0x0000025cff259000 JavaThread "C2 CompilerThread0" daemon [_thread_in_native, id=3516, stack(0x000000f4d9800000,0x000000f4d9900000)]
  0x0000025cff261800 JavaThread "C1 CompilerThread0" daemon [_thread_blocked, id=8628, stack(0x000000f4d9900000,0x000000f4d9a00000)]
  0x0000025cff263800 JavaThread "Sweeper thread" daemon [_thread_blocked, id=8936, stack(0x000000f4d9a00000,0x000000f4d9b00000)]
  0x0000025cffd00800 JavaThread "Common-Cleaner" daemon [_thread_blocked, id=7584, stack(0x000000f4d9b00000,0x000000f4d9c00000)]
  0x0000025cffd03800 JavaThread "Service Thread" daemon [_thread_blocked, id=12600, stack(0x000000f4d9c00000,0x000000f4d9d00000)]
  0x0000025c961a9800 JavaThread "Daemon health stats" [_thread_blocked, id=3476, stack(0x000000f4d9e00000,0x000000f4d9f00000)]
  0x0000025c964d1800 JavaThread "Incoming local TCP Connector on port 63142" [_thread_in_native, id=7384, stack(0x000000f4da300000,0x000000f4da400000)]
  0x0000025c959e9800 JavaThread "Daemon periodic checks" [_thread_blocked, id=3792, stack(0x000000f4da400000,0x000000f4da500000)]

Other Threads:
  0x0000025cff239000 VMThread "VM Thread" [stack: 0x000000f4d9300000,0x000000f4d9400000] [id=3192]
  0x0000025cffd0d800 WatcherThread [stack: 0x000000f4d9d00000,0x000000f4d9e00000] [id=9800]
  0x0000025cfa7f4000 GCTaskThread "GC Thread#0" [stack: 0x000000f4d8e00000,0x000000f4d8f00000] [id=7400]
  0x0000025c9525e800 GCTaskThread "GC Thread#1" [stack: 0x000000f4d9f00000,0x000000f4da000000] [id=9908]
  0x0000025cfff71800 GCTaskThread "GC Thread#2" [stack: 0x000000f4da000000,0x000000f4da100000] [id=7816]
  0x0000025c95f51000 GCTaskThread "GC Thread#3" [stack: 0x000000f4d8a00000,0x000000f4d8b00000] [id=7580]
  0x0000025cfa825800 ConcurrentGCThread "G1 Main Marker" [stack: 0x000000f4d8f00000,0x000000f4d9000000] [id=1056]
  0x0000025cfa828000 ConcurrentGCThread "G1 Conc#0" [stack: 0x000000f4d9000000,0x000000f4d9100000] [id=7120]
  0x0000025cfa8b6000 ConcurrentGCThread "G1 Refine#0" [stack: 0x000000f4d9100000,0x000000f4d9200000] [id=2536]
  0x0000025cfa8b7000 ConcurrentGCThread "G1 Young RemSet Sampling" [stack: 0x000000f4d9200000,0x000000f4d9300000] [id=8324]

Threads with active compile tasks:
C2 CompilerThread05840853 2661       4       org.gradle.internal.logging.slf4j.OutputEventListenerBackedLogger::log (36 bytes)

VM state:not at safepoint (normal execution)

VM Mutex/Monitor currently owned by a thread: None

Heap address: 0x0000000080000000, size: 2048 MB, Compressed Oops mode: 32-bit
Narrow klass base: 0x0000000000000000, Narrow klass shift: 3
Compressed class space size: 1073741824 Address: 0x0000000100000000

Heap:
 garbage-first heap   total 131072K, used 51316K [0x0000000080000000, 0x0000000100000000)
  region size 1024K, 37 young (37888K), 1 survivors (1024K)
 Metaspace       used 16454K, capacity 16803K, committed 17024K, reserved 1064960K
  class space    used 1812K, capacity 1920K, committed 1920K, reserved 1048576K
Heap Regions: E=young(eden), S=young(survivor), O=old, HS=humongous(starts), HC=humongous(continues), CS=collection set, F=free, A=archive, TAMS=top-at-mark-start (previous, next)
|   0|0x0000000080000000, 0x0000000080100000, 0x0000000080100000|100%| O|  |TAMS 0x0000000080000000, 0x0000000080000000| Untracked 
|   1|0x0000000080100000, 0x0000000080200000, 0x0000000080200000|100%| O|  |TAMS 0x0000000080100000, 0x0000000080100000| Untracked 
|   2|0x0000000080200000, 0x0000000080300000, 0x0000000080300000|100%| O|  |TAMS 0x0000000080200000, 0x0000000080200000| Untracked 
|   3|0x0000000080300000, 0x0000000080400000, 0x0000000080400000|100%|HS|  |TAMS 0x0000000080300000, 0x0000000080300000| Complete 
|   4|0x0000000080400000, 0x0000000080500000, 0x0000000080500000|100%|HC|  |TAMS 0x0000000080400000, 0x0000000080400000| Complete 
|   5|0x0000000080500000, 0x0000000080600000, 0x0000000080600000|100%|HC|  |TAMS 0x0000000080500000, 0x0000000080500000| Complete 
|   6|0x0000000080600000, 0x0000000080700000, 0x0000000080700000|100%| O|  |TAMS 0x0000000080600000, 0x0000000080600000| Untracked 
|   7|0x0000000080700000, 0x0000000080800000, 0x0000000080800000|100%| O|  |TAMS 0x0000000080700000, 0x0000000080700000| Untracked 
|   8|0x0000000080800000, 0x0000000080900000, 0x0000000080900000|100%| O|  |TAMS 0x0000000080800000, 0x0000000080800000| Untracked 
|   9|0x0000000080900000, 0x0000000080a00000, 0x0000000080a00000|100%| O|  |TAMS 0x0000000080900000, 0x0000000080900000| Untracked 
|  10|0x0000000080a00000, 0x0000000080b00000, 0x0000000080b00000|100%| O|  |TAMS 0x0000000080a00000, 0x0000000080a00000| Untracked 
|  11|0x0000000080b00000, 0x0000000080c00000, 0x0000000080c00000|100%| O|  |TAMS 0x0000000080b00000, 0x0000000080b00000| Untracked 
|  12|0x0000000080c00000, 0x0000000080d00000, 0x0000000080d00000|100%| O|  |TAMS 0x0000000080c00000, 0x0000000080c00000| Untracked 
|  13|0x0000000080d00000, 0x0000000080e00000, 0x0000000080e00000|100%| O|  |TAMS 0x0000000080d00000, 0x0000000080d00000| Untracked 
|  14|0x0000000080e00000, 0x0000000080f00000, 0x0000000080f00000|100%| O|  |TAMS 0x0000000080e00000, 0x0000000080e00000| Untracked 
|  15|0x0000000080f00000, 0x0000000080f10c00, 0x0000000081000000|  6%| O|  |TAMS 0x0000000080f00000, 0x0000000080f00000| Untracked 
|  16|0x0000000081000000, 0x0000000081000000, 0x0000000081100000|  0%| F|  |TAMS 0x0000000081000000, 0x0000000081000000| Untracked 
|  17|0x0000000081100000, 0x0000000081100000, 0x0000000081200000|  0%| F|  |TAMS 0x0000000081100000, 0x0000000081100000| Untracked 
|  18|0x0000000081200000, 0x0000000081200000, 0x0000000081300000|  0%| F|  |TAMS 0x0000000081200000, 0x0000000081200000| Untracked 
|  19|0x0000000081300000, 0x0000000081300000, 0x0000000081400000|  0%| F|  |TAMS 0x0000000081300000, 0x0000000081300000| Untracked 
|  20|0x0000000081400000, 0x0000000081400000, 0x0000000081500000|  0%| F|  |TAMS 0x0000000081400000, 0x0000000081400000| Untracked 
|  21|0x0000000081500000, 0x0000000081500000, 0x0000000081600000|  0%| F|  |TAMS 0x0000000081500000, 0x0000000081500000| Untracked 
|  22|0x0000000081600000, 0x0000000081600000, 0x0000000081700000|  0%| F|  |TAMS 0x0000000081600000, 0x0000000081600000| Untracked 
|  23|0x0000000081700000, 0x0000000081700000, 0x0000000081800000|  0%| F|  |TAMS 0x0000000081700000, 0x0000000081700000| Untracked 
|  24|0x0000000081800000, 0x0000000081800000, 0x0000000081900000|  0%| F|  |TAMS 0x0000000081800000, 0x0000000081800000| Untracked 
|  25|0x0000000081900000, 0x0000000081900000, 0x0000000081a00000|  0%| F|  |TAMS 0x0000000081900000, 0x0000000081900000| Untracked 
|  26|0x0000000081a00000, 0x0000000081a00000, 0x0000000081b00000|  0%| F|  |TAMS 0x0000000081a00000, 0x0000000081a00000| Untracked 
|  27|0x0000000081b00000, 0x0000000081b00000, 0x0000000081c00000|  0%| F|  |TAMS 0x0000000081b00000, 0x0000000081b00000| Untracked 
|  28|0x0000000081c00000, 0x0000000081c00000, 0x0000000081d00000|  0%| F|  |TAMS 0x0000000081c00000, 0x0000000081c00000| Untracked 
|  29|0x0000000081d00000, 0x0000000081d00000, 0x0000000081e00000|  0%| F|  |TAMS 0x0000000081d00000, 0x0000000081d00000| Untracked 
|  30|0x0000000081e00000, 0x0000000081e00000, 0x0000000081f00000|  0%| F|  |TAMS 0x0000000081e00000, 0x0000000081e00000| Untracked 
|  31|0x0000000081f00000, 0x0000000081f00000, 0x0000000082000000|  0%| F|  |TAMS 0x0000000081f00000, 0x0000000081f00000| Untracked 
|  32|0x0000000082000000, 0x0000000082000000, 0x0000000082100000|  0%| F|  |TAMS 0x0000000082000000, 0x0000000082000000| Untracked 
|  33|0x0000000082100000, 0x0000000082100000, 0x0000000082200000|  0%| F|  |TAMS 0x0000000082100000, 0x0000000082100000| Untracked 
|  34|0x0000000082200000, 0x0000000082200000, 0x0000000082300000|  0%| F|  |TAMS 0x0000000082200000, 0x0000000082200000| Untracked 
|  35|0x0000000082300000, 0x0000000082300000, 0x0000000082400000|  0%| F|  |TAMS 0x0000000082300000, 0x0000000082300000| Untracked 
|  36|0x0000000082400000, 0x0000000082400000, 0x0000000082500000|  0%| F|  |TAMS 0x0000000082400000, 0x0000000082400000| Untracked 
|  37|0x0000000082500000, 0x0000000082500000, 0x0000000082600000|  0%| F|  |TAMS 0x0000000082500000, 0x0000000082500000| Untracked 
|  38|0x0000000082600000, 0x0000000082600000, 0x0000000082700000|  0%| F|  |TAMS 0x0000000082600000, 0x0000000082600000| Untracked 
|  39|0x0000000082700000, 0x0000000082700000, 0x0000000082800000|  0%| F|  |TAMS 0x0000000082700000, 0x0000000082700000| Untracked 
|  40|0x0000000082800000, 0x0000000082800000, 0x0000000082900000|  0%| F|  |TAMS 0x0000000082800000, 0x0000000082800000| Untracked 
|  41|0x0000000082900000, 0x0000000082900000, 0x0000000082a00000|  0%| F|  |TAMS 0x0000000082900000, 0x0000000082900000| Untracked 
|  42|0x0000000082a00000, 0x0000000082a00000, 0x0000000082b00000|  0%| F|  |TAMS 0x0000000082a00000, 0x0000000082a00000| Untracked 
|  43|0x0000000082b00000, 0x0000000082b00000, 0x0000000082c00000|  0%| F|  |TAMS 0x0000000082b00000, 0x0000000082b00000| Untracked 
|  44|0x0000000082c00000, 0x0000000082c00000, 0x0000000082d00000|  0%| F|  |TAMS 0x0000000082c00000, 0x0000000082c00000| Untracked 
|  45|0x0000000082d00000, 0x0000000082d00000, 0x0000000082e00000|  0%| F|  |TAMS 0x0000000082d00000, 0x0000000082d00000| Untracked 
|  46|0x0000000082e00000, 0x0000000082e00000, 0x0000000082f00000|  0%| F|  |TAMS 0x0000000082e00000, 0x0000000082e00000| Untracked 
|  47|0x0000000082f00000, 0x0000000082f00000, 0x0000000083000000|  0%| F|  |TAMS 0x0000000082f00000, 0x0000000082f00000| Untracked 
|  48|0x0000000083000000, 0x0000000083000000, 0x0000000083100000|  0%| F|  |TAMS 0x0000000083000000, 0x0000000083000000| Untracked 
|  49|0x0000000083100000, 0x0000000083100000, 0x0000000083200000|  0%| F|  |TAMS 0x0000000083100000, 0x0000000083100000| Untracked 
|  50|0x0000000083200000, 0x0000000083200000, 0x0000000083300000|  0%| F|  |TAMS 0x0000000083200000, 0x0000000083200000| Untracked 
|  51|0x0000000083300000, 0x0000000083300000, 0x0000000083400000|  0%| F|  |TAMS 0x0000000083300000, 0x0000000083300000| Untracked 
|  52|0x0000000083400000, 0x0000000083400000, 0x0000000083500000|  0%| F|  |TAMS 0x0000000083400000, 0x0000000083400000| Untracked 
|  53|0x0000000083500000, 0x0000000083500000, 0x0000000083600000|  0%| F|  |TAMS 0x0000000083500000, 0x0000000083500000| Untracked 
|  54|0x0000000083600000, 0x0000000083600000, 0x0000000083700000|  0%| F|  |TAMS 0x0000000083600000, 0x0000000083600000| Untracked 
|  55|0x0000000083700000, 0x0000000083700000, 0x0000000083800000|  0%| F|  |TAMS 0x0000000083700000, 0x0000000083700000| Untracked 
|  56|0x0000000083800000, 0x0000000083800000, 0x0000000083900000|  0%| F|  |TAMS 0x0000000083800000, 0x0000000083800000| Untracked 
|  57|0x0000000083900000, 0x0000000083900000, 0x0000000083a00000|  0%| F|  |TAMS 0x0000000083900000, 0x0000000083900000| Untracked 
|  58|0x0000000083a00000, 0x0000000083a00000, 0x0000000083b00000|  0%| F|  |TAMS 0x0000000083a00000, 0x0000000083a00000| Untracked 
|  59|0x0000000083b00000, 0x0000000083b00000, 0x0000000083c00000|  0%| F|  |TAMS 0x0000000083b00000, 0x0000000083b00000| Untracked 
|  60|0x0000000083c00000, 0x0000000083c00000, 0x0000000083d00000|  0%| F|  |TAMS 0x0000000083c00000, 0x0000000083c00000| Untracked 
|  61|0x0000000083d00000, 0x0000000083d00000, 0x0000000083e00000|  0%| F|  |TAMS 0x0000000083d00000, 0x0000000083d00000| Untracked 
|  62|0x0000000083e00000, 0x0000000083e00000, 0x0000000083f00000|  0%| F|  |TAMS 0x0000000083e00000, 0x0000000083e00000| Untracked 
|  63|0x0000000083f00000, 0x0000000083f00000, 0x0000000084000000|  0%| F|  |TAMS 0x0000000083f00000, 0x0000000083f00000| Untracked 
|  64|0x0000000084000000, 0x0000000084000000, 0x0000000084100000|  0%| F|  |TAMS 0x0000000084000000, 0x0000000084000000| Untracked 
|  65|0x0000000084100000, 0x0000000084100000, 0x0000000084200000|  0%| F|  |TAMS 0x0000000084100000, 0x0000000084100000| Untracked 
|  66|0x0000000084200000, 0x0000000084200000, 0x0000000084300000|  0%| F|  |TAMS 0x0000000084200000, 0x0000000084200000| Untracked 
|  67|0x0000000084300000, 0x0000000084300000, 0x0000000084400000|  0%| F|  |TAMS 0x0000000084300000, 0x0000000084300000| Untracked 
|  68|0x0000000084400000, 0x0000000084400000, 0x0000000084500000|  0%| F|  |TAMS 0x0000000084400000, 0x0000000084400000| Untracked 
|  69|0x0000000084500000, 0x0000000084500000, 0x0000000084600000|  0%| F|  |TAMS 0x0000000084500000, 0x0000000084500000| Untracked 
|  70|0x0000000084600000, 0x0000000084600000, 0x0000000084700000|  0%| F|  |TAMS 0x0000000084600000, 0x0000000084600000| Untracked 
|  71|0x0000000084700000, 0x0000000084700000, 0x0000000084800000|  0%| F|  |TAMS 0x0000000084700000, 0x0000000084700000| Untracked 
|  72|0x0000000084800000, 0x0000000084800000, 0x0000000084900000|  0%| F|  |TAMS 0x0000000084800000, 0x0000000084800000| Untracked 
|  73|0x0000000084900000, 0x0000000084900000, 0x0000000084a00000|  0%| F|  |TAMS 0x0000000084900000, 0x0000000084900000| Untracked 
|  74|0x0000000084a00000, 0x0000000084a00000, 0x0000000084b00000|  0%| F|  |TAMS 0x0000000084a00000, 0x0000000084a00000| Untracked 
|  75|0x0000000084b00000, 0x0000000084b00000, 0x0000000084c00000|  0%| F|  |TAMS 0x0000000084b00000, 0x0000000084b00000| Untracked 
|  76|0x0000000084c00000, 0x0000000084c00000, 0x0000000084d00000|  0%| F|  |TAMS 0x0000000084c00000, 0x0000000084c00000| Untracked 
|  77|0x0000000084d00000, 0x0000000084d00000, 0x0000000084e00000|  0%| F|  |TAMS 0x0000000084d00000, 0x0000000084d00000| Untracked 
|  78|0x0000000084e00000, 0x0000000084e00000, 0x0000000084f00000|  0%| F|  |TAMS 0x0000000084e00000, 0x0000000084e00000| Untracked 
|  79|0x0000000084f00000, 0x0000000084f00000, 0x0000000085000000|  0%| F|  |TAMS 0x0000000084f00000, 0x0000000084f00000| Untracked 
|  80|0x0000000085000000, 0x0000000085000000, 0x0000000085100000|  0%| F|  |TAMS 0x0000000085000000, 0x0000000085000000| Untracked 
|  81|0x0000000085100000, 0x0000000085100000, 0x0000000085200000|  0%| F|  |TAMS 0x0000000085100000, 0x0000000085100000| Untracked 
|  82|0x0000000085200000, 0x0000000085200000, 0x0000000085300000|  0%| F|  |TAMS 0x0000000085200000, 0x0000000085200000| Untracked 
|  83|0x0000000085300000, 0x0000000085300000, 0x0000000085400000|  0%| F|  |TAMS 0x0000000085300000, 0x0000000085300000| Untracked 
|  84|0x0000000085400000, 0x0000000085400000, 0x0000000085500000|  0%| F|  |TAMS 0x0000000085400000, 0x0000000085400000| Untracked 
|  85|0x0000000085500000, 0x0000000085500000, 0x0000000085600000|  0%| F|  |TAMS 0x0000000085500000, 0x0000000085500000| Untracked 
|  86|0x0000000085600000, 0x0000000085600000, 0x0000000085700000|  0%| F|  |TAMS 0x0000000085600000, 0x0000000085600000| Untracked 
|  87|0x0000000085700000, 0x0000000085700000, 0x0000000085800000|  0%| F|  |TAMS 0x0000000085700000, 0x0000000085700000| Untracked 
|  88|0x0000000085800000, 0x0000000085800000, 0x0000000085900000|  0%| F|  |TAMS 0x0000000085800000, 0x0000000085800000| Untracked 
|  89|0x0000000085900000, 0x0000000085900000, 0x0000000085a00000|  0%| F|  |TAMS 0x0000000085900000, 0x0000000085900000| Untracked 
|  90|0x0000000085a00000, 0x0000000085a0c640, 0x0000000085b00000|  4%| S|CS|TAMS 0x0000000085a00000, 0x0000000085a00000| Complete 
|  91|0x0000000085b00000, 0x0000000085b00000, 0x0000000085c00000|  0%| F|  |TAMS 0x0000000085b00000, 0x0000000085b00000| Untracked 
|  92|0x0000000085c00000, 0x0000000085c80800, 0x0000000085d00000| 50%| E|  |TAMS 0x0000000085c00000, 0x0000000085c00000| Complete 
|  93|0x0000000085d00000, 0x0000000085e00000, 0x0000000085e00000|100%| E|CS|TAMS 0x0000000085d00000, 0x0000000085d00000| Complete 
|  94|0x0000000085e00000, 0x0000000085f00000, 0x0000000085f00000|100%| E|CS|TAMS 0x0000000085e00000, 0x0000000085e00000| Complete 
|  95|0x0000000085f00000, 0x0000000086000000, 0x0000000086000000|100%| E|CS|TAMS 0x0000000085f00000, 0x0000000085f00000| Complete 
|  96|0x0000000086000000, 0x0000000086100000, 0x0000000086100000|100%| E|CS|TAMS 0x0000000086000000, 0x0000000086000000| Complete 
|  97|0x0000000086100000, 0x0000000086200000, 0x0000000086200000|100%| E|CS|TAMS 0x0000000086100000, 0x0000000086100000| Complete 
|  98|0x0000000086200000, 0x0000000086300000, 0x0000000086300000|100%| E|CS|TAMS 0x0000000086200000, 0x0000000086200000| Complete 
|  99|0x0000000086300000, 0x0000000086400000, 0x0000000086400000|100%| E|CS|TAMS 0x0000000086300000, 0x0000000086300000| Complete 
| 100|0x0000000086400000, 0x0000000086500000, 0x0000000086500000|100%| E|CS|TAMS 0x0000000086400000, 0x0000000086400000| Complete 
| 101|0x0000000086500000, 0x0000000086600000, 0x0000000086600000|100%| E|CS|TAMS 0x0000000086500000, 0x0000000086500000| Complete 
| 102|0x0000000086600000, 0x0000000086700000, 0x0000000086700000|100%| E|CS|TAMS 0x0000000086600000, 0x0000000086600000| Complete 
| 103|0x0000000086700000, 0x0000000086800000, 0x0000000086800000|100%| E|CS|TAMS 0x0000000086700000, 0x0000000086700000| Complete 
| 104|0x0000000086800000, 0x0000000086900000, 0x0000000086900000|100%| E|CS|TAMS 0x0000000086800000, 0x0000000086800000| Complete 
| 105|0x0000000086900000, 0x0000000086a00000, 0x0000000086a00000|100%| E|CS|TAMS 0x0000000086900000, 0x0000000086900000| Complete 
| 106|0x0000000086a00000, 0x0000000086b00000, 0x0000000086b00000|100%| E|CS|TAMS 0x0000000086a00000, 0x0000000086a00000| Complete 
| 107|0x0000000086b00000, 0x0000000086c00000, 0x0000000086c00000|100%| E|CS|TAMS 0x0000000086b00000, 0x0000000086b00000| Complete 
| 108|0x0000000086c00000, 0x0000000086d00000, 0x0000000086d00000|100%| E|CS|TAMS 0x0000000086c00000, 0x0000000086c00000| Complete 
| 109|0x0000000086d00000, 0x0000000086e00000, 0x0000000086e00000|100%| E|CS|TAMS 0x0000000086d00000, 0x0000000086d00000| Complete 
| 110|0x0000000086e00000, 0x0000000086f00000, 0x0000000086f00000|100%| E|CS|TAMS 0x0000000086e00000, 0x0000000086e00000| Complete 
| 111|0x0000000086f00000, 0x0000000087000000, 0x0000000087000000|100%| E|CS|TAMS 0x0000000086f00000, 0x0000000086f00000| Complete 
| 112|0x0000000087000000, 0x0000000087100000, 0x0000000087100000|100%| E|CS|TAMS 0x0000000087000000, 0x0000000087000000| Complete 
| 113|0x0000000087100000, 0x0000000087200000, 0x0000000087200000|100%| E|CS|TAMS 0x0000000087100000, 0x0000000087100000| Complete 
| 114|0x0000000087200000, 0x0000000087300000, 0x0000000087300000|100%| E|CS|TAMS 0x0000000087200000, 0x0000000087200000| Complete 
| 115|0x0000000087300000, 0x0000000087400000, 0x0000000087400000|100%| E|CS|TAMS 0x0000000087300000, 0x0000000087300000| Complete 
| 116|0x0000000087400000, 0x0000000087500000, 0x0000000087500000|100%| E|CS|TAMS 0x0000000087400000, 0x0000000087400000| Complete 
| 117|0x0000000087500000, 0x0000000087600000, 0x0000000087600000|100%| E|CS|TAMS 0x0000000087500000, 0x0000000087500000| Complete 
| 118|0x0000000087600000, 0x0000000087700000, 0x0000000087700000|100%| E|CS|TAMS 0x0000000087600000, 0x0000000087600000| Complete 
| 119|0x0000000087700000, 0x0000000087800000, 0x0000000087800000|100%| E|CS|TAMS 0x0000000087700000, 0x0000000087700000| Complete 
| 120|0x0000000087800000, 0x0000000087900000, 0x0000000087900000|100%| E|CS|TAMS 0x0000000087800000, 0x0000000087800000| Complete 
| 121|0x0000000087900000, 0x0000000087a00000, 0x0000000087a00000|100%| E|CS|TAMS 0x0000000087900000, 0x0000000087900000| Complete 
| 122|0x0000000087a00000, 0x0000000087b00000, 0x0000000087b00000|100%| E|CS|TAMS 0x0000000087a00000, 0x0000000087a00000| Complete 
| 123|0x0000000087b00000, 0x0000000087c00000, 0x0000000087c00000|100%| E|CS|TAMS 0x0000000087b00000, 0x0000000087b00000| Complete 
| 124|0x0000000087c00000, 0x0000000087d00000, 0x0000000087d00000|100%| E|CS|TAMS 0x0000000087c00000, 0x0000000087c00000| Complete 
| 125|0x0000000087d00000, 0x0000000087e00000, 0x0000000087e00000|100%| E|CS|TAMS 0x0000000087d00000, 0x0000000087d00000| Complete 
| 126|0x0000000087e00000, 0x0000000087f00000, 0x0000000087f00000|100%| E|CS|TAMS 0x0000000087e00000, 0x0000000087e00000| Complete 
| 127|0x0000000087f00000, 0x0000000088000000, 0x0000000088000000|100%| E|CS|TAMS 0x0000000087f00000, 0x0000000087f00000| Complete 

Card table byte_map: [0x0000025cfe560000,0x0000025cfe960000] _byte_map_base: 0x0000025cfe160000

Marking Bits (Prev, Next): (CMBitMap*) 0x0000025cfa81cae8, (CMBitMap*) 0x0000025cfa81cb20
 Prev Bits: [0x0000025c8f000000, 0x0000025c91000000)
 Next Bits: [0x0000025c91000000, 0x0000025c93000000)

Polling page: 0x0000025cf87d0000

Metaspace:

Usage:
  Non-class:     14.53 MB capacity,    14.30 MB ( 98%) used,   215.78 KB (  1%) free+waste,    25.50 KB ( <1%) overhead. 
      Class:      1.88 MB capacity,     1.77 MB ( 94%) used,    95.60 KB (  5%) free+waste,    11.69 KB ( <1%) overhead. 
       Both:     16.41 MB capacity,    16.07 MB ( 98%) used,   311.38 KB (  2%) free+waste,    37.19 KB ( <1%) overhead. 

Virtual space:
  Non-class space:       16.00 MB reserved,      14.75 MB ( 92%) committed 
      Class space:        1.00 GB reserved,       1.88 MB ( <1%) committed 
             Both:        1.02 GB reserved,      16.63 MB (  2%) committed 

Chunk freelists:
   Non-Class:  29.00 KB
       Class:  0 bytes
        Both:  29.00 KB

MaxMetaspaceSize: 17179869184.00 GB
CompressedClassSpaceSize: 1.00 GB

CodeHeap 'non-profiled nmethods': size=120064Kb used=1201Kb max_used=1201Kb free=118862Kb
 bounds [0x0000025c87ac0000, 0x0000025c87d30000, 0x0000025c8f000000]
CodeHeap 'profiled nmethods': size=120000Kb used=4075Kb max_used=4146Kb free=115924Kb
 bounds [0x0000025c80590000, 0x0000025c809c0000, 0x0000025c87ac0000]
CodeHeap 'non-nmethods': size=5696Kb used=1104Kb max_used=1153Kb free=4591Kb
 bounds [0x0000025c80000000, 0x0000025c80270000, 0x0000025c80590000]
 total_blobs=2500 nmethods=2067 adapters=345
 compilation: enabled
              stopped_count=0, restarted_count=0
 full_count=0

Compilation events (20 events):
Event: 5371.749 Thread 0x0000025cff259000 nmethod 2648 0x0000025c87be7e90 code [0x0000025c87be8040, 0x0000025c87be8218]
Event: 5373.678 Thread 0x0000025cff259000 2649       4       java.util.stream.ReferencePipeline$7::opWrapSink (10 bytes)
Event: 5373.699 Thread 0x0000025cff259000 nmethod 2649 0x0000025c87be8390 code [0x0000025c87be8540, 0x0000025c87be8718]
Event: 5505.733 Thread 0x0000025cff259000 2650       4       jdk.management.jfr.internal.FlightRecorderMXBeanProvider$SingleMBeanComponent::mbeanInterfaceNames (11 bytes)
Event: 5505.741 Thread 0x0000025cff259000 nmethod 2650 0x0000025c87be8890 code [0x0000025c87be8a40, 0x0000025c87be8bc8]
Event: 5559.239 Thread 0x0000025cff261800 2652   !   3       org.gradle.cache.internal.DefaultFileLockManager$DefaultFileLock$1::stop (179 bytes)
Event: 5559.357 Thread 0x0000025cff261800 nmethod 2652 0x0000025c80910110 code [0x0000025c80910580, 0x0000025c809123a8]
Event: 5559.357 Thread 0x0000025cff261800 2654   !   3       org.gradle.cache.internal.locklistener.DefaultFileLockContentionHandler::stop (48 bytes)
Event: 5559.383 Thread 0x0000025cff261800 nmethod 2654 0x0000025c808af990 code [0x0000025c808afc00, 0x0000025c808b0578]
Event: 5559.383 Thread 0x0000025cff261800 2653       3       org.gradle.cache.internal.filelock.LockFileAccess::close (8 bytes)
Event: 5559.383 Thread 0x0000025cff261800 nmethod 2653 0x0000025c805f5d90 code [0x0000025c805f5f40, 0x0000025c805f6068]
Event: 5599.252 Thread 0x0000025cff259000 2655       4       java.text.DateFormatSymbols::getProviderInstance (37 bytes)
Event: 5599.596 Thread 0x0000025cff259000 nmethod 2655 0x0000025c87be8d10 code [0x0000025c87be9020, 0x0000025c87beab60]
Event: 5729.217 Thread 0x0000025cff259000 2656       4       java.util.HashSet::size (8 bytes)
Event: 5729.229 Thread 0x0000025cff259000 nmethod 2656 0x0000025c87bebe90 code [0x0000025c87bec020, 0x0000025c87bec098]
Event: 5739.278 Thread 0x0000025cff259000 2657       4       org.gradle.internal.concurrent.CompositeStoppable::toStoppable (37 bytes)
Event: 5739.295 Thread 0x0000025cff259000 nmethod 2657 0x0000025c87bec110 code [0x0000025c87bec2a0, 0x0000025c87bec378]
Event: 5831.151 Thread 0x0000025cff259000 2660       4       org.gradle.internal.logging.text.AbstractLineChoppingStyledTextOutput$4::execute (9 bytes)
Event: 5831.160 Thread 0x0000025cff259000 nmethod 2660 0x0000025c87bec490 code [0x0000025c87bec640, 0x0000025c87bec7b8]
Event: 5839.218 Thread 0x0000025cff259000 2661       4       org.gradle.internal.logging.slf4j.OutputEventListenerBackedLogger::log (36 bytes)

GC Heap History (20 events):
Event: 749.224 GC heap before
{Heap before GC invocations=5 (full 0):
 garbage-first heap   total 131072K, used 20964K [0x0000000080000000, 0x0000000100000000)
  region size 1024K, 6 young (6144K), 1 survivors (1024K)
 Metaspace       used 16282K, capacity 16611K, committed 16768K, reserved 1064960K
  class space    used 1812K, capacity 1920K, committed 1920K, reserved 1048576K
}
Event: 749.226 GC heap after
{Heap after GC invocations=6 (full 0):
 garbage-first heap   total 131072K, used 15540K [0x0000000080000000, 0x0000000100000000)
  region size 1024K, 1 young (1024K), 1 survivors (1024K)
 Metaspace       used 16282K, capacity 16611K, committed 16768K, reserved 1064960K
  class space    used 1812K, capacity 1920K, committed 1920K, reserved 1048576K
}
Event: 859.243 GC heap before
{Heap before GC invocations=6 (full 0):
 garbage-first heap   total 131072K, used 20660K [0x0000000080000000, 0x0000000100000000)
  region size 1024K, 6 young (6144K), 1 survivors (1024K)
 Metaspace       used 16303K, capacity 16611K, committed 16768K, reserved 1064960K
  class space    used 1812K, capacity 1920K, committed 1920K, reserved 1048576K
}
Event: 859.245 GC heap after
{Heap after GC invocations=7 (full 0):
 garbage-first heap   total 131072K, used 15539K [0x0000000080000000, 0x0000000100000000)
  region size 1024K, 1 young (1024K), 1 survivors (1024K)
 Metaspace       used 16303K, capacity 16611K, committed 16768K, reserved 1064960K
  class space    used 1812K, capacity 1920K, committed 1920K, reserved 1048576K
}
Event: 1159.262 GC heap before
{Heap before GC invocations=7 (full 0):
 garbage-first heap   total 131072K, used 28851K [0x0000000080000000, 0x0000000100000000)
  region size 1024K, 14 young (14336K), 1 survivors (1024K)
 Metaspace       used 16317K, capacity 16611K, committed 16768K, reserved 1064960K
  class space    used 1812K, capacity 1920K, committed 1920K, reserved 1048576K
}
Event: 1159.304 GC heap after
{Heap after GC invocations=8 (full 0):
 garbage-first heap   total 131072K, used 15452K [0x0000000080000000, 0x0000000100000000)
  region size 1024K, 1 young (1024K), 1 survivors (1024K)
 Metaspace       used 16317K, capacity 16611K, committed 16768K, reserved 1064960K
  class space    used 1812K, capacity 1920K, committed 1920K, reserved 1048576K
}
Event: 1693.675 GC heap before
{Heap before GC invocations=8 (full 0):
 garbage-first heap   total 131072K, used 39004K [0x0000000080000000, 0x0000000100000000)
  region size 1024K, 24 young (24576K), 1 survivors (1024K)
 Metaspace       used 16332K, capacity 16611K, committed 16768K, reserved 1064960K
  class space    used 1812K, capacity 1920K, committed 1920K, reserved 1048576K
}
Event: 1693.722 GC heap after
{Heap after GC invocations=9 (full 0):
 garbage-first heap   total 131072K, used 15441K [0x0000000080000000, 0x0000000100000000)
  region size 1024K, 1 young (1024K), 1 survivors (1024K)
 Metaspace       used 16332K, capacity 16611K, committed 16768K, reserved 1064960K
  class space    used 1812K, capacity 1920K, committed 1920K, reserved 1048576K
}
Event: 2459.428 GC heap before
{Heap before GC invocations=9 (full 0):
 garbage-first heap   total 131072K, used 49233K [0x0000000080000000, 0x0000000100000000)
  region size 1024K, 34 young (34816K), 1 survivors (1024K)
 Metaspace       used 16406K, capacity 16739K, committed 16768K, reserved 1064960K
  class space    used 1812K, capacity 1920K, committed 1920K, reserved 1048576K
}
Event: 2459.632 GC heap after
{Heap after GC invocations=10 (full 0):
 garbage-first heap   total 131072K, used 15531K [0x0000000080000000, 0x0000000100000000)
  region size 1024K, 1 young (1024K), 1 survivors (1024K)
 Metaspace       used 16406K, capacity 16739K, committed 16768K, reserved 1064960K
  class space    used 1812K, capacity 1920K, committed 1920K, reserved 1048576K
}
Event: 2712.679 GC heap before
{Heap before GC invocations=10 (full 0):
 garbage-first heap   total 131072K, used 26795K [0x0000000080000000, 0x0000000100000000)
  region size 1024K, 12 young (12288K), 1 survivors (1024K)
 Metaspace       used 16416K, capacity 16739K, committed 16768K, reserved 1064960K
  class space    used 1812K, capacity 1920K, committed 1920K, reserved 1048576K
}
Event: 2712.726 GC heap after
{Heap after GC invocations=11 (full 0):
 garbage-first heap   total 131072K, used 15444K [0x0000000080000000, 0x0000000100000000)
  region size 1024K, 1 young (1024K), 1 survivors (1024K)
 Metaspace       used 16416K, capacity 16739K, committed 16768K, reserved 1064960K
  class space    used 1812K, capacity 1920K, committed 1920K, reserved 1048576K
}
Event: 3039.237 GC heap before
{Heap before GC invocations=11 (full 0):
 garbage-first heap   total 131072K, used 29780K [0x0000000080000000, 0x0000000100000000)
  region size 1024K, 15 young (15360K), 1 survivors (1024K)
 Metaspace       used 16419K, capacity 16739K, committed 16768K, reserved 1064960K
  class space    used 1812K, capacity 1920K, committed 1920K, reserved 1048576K
}
Event: 3039.282 GC heap after
{Heap after GC invocations=12 (full 0):
 garbage-first heap   total 131072K, used 15478K [0x0000000080000000, 0x0000000100000000)
  region size 1024K, 1 young (1024K), 1 survivors (1024K)
 Metaspace       used 16419K, capacity 16739K, committed 16768K, reserved 1064960K
  class space    used 1812K, capacity 1920K, committed 1920K, reserved 1048576K
}
Event: 3499.674 GC heap before
{Heap before GC invocations=12 (full 0):
 garbage-first heap   total 131072K, used 35958K [0x0000000080000000, 0x0000000100000000)
  region size 1024K, 21 young (21504K), 1 survivors (1024K)
 Metaspace       used 16420K, capacity 16739K, committed 16768K, reserved 1064960K
  class space    used 1812K, capacity 1920K, committed 1920K, reserved 1048576K
}
Event: 3499.691 GC heap after
{Heap after GC invocations=13 (full 0):
 garbage-first heap   total 131072K, used 15449K [0x0000000080000000, 0x0000000100000000)
  region size 1024K, 1 young (1024K), 1 survivors (1024K)
 Metaspace       used 16420K, capacity 16739K, committed 16768K, reserved 1064960K
  class space    used 1812K, capacity 1920K, committed 1920K, reserved 1048576K
}
Event: 4190.713 GC heap before
{Heap before GC invocations=13 (full 0):
 garbage-first heap   total 131072K, used 46169K [0x0000000080000000, 0x0000000100000000)
  region size 1024K, 31 young (31744K), 1 survivors (1024K)
 Metaspace       used 16422K, capacity 16739K, committed 16768K, reserved 1064960K
  class space    used 1812K, capacity 1920K, committed 1920K, reserved 1048576K
}
Event: 4190.905 GC heap after
{Heap after GC invocations=14 (full 0):
 garbage-first heap   total 131072K, used 15449K [0x0000000080000000, 0x0000000100000000)
  region size 1024K, 1 young (1024K), 1 survivors (1024K)
 Metaspace       used 16422K, capacity 16739K, committed 16768K, reserved 1064960K
  class space    used 1812K, capacity 1920K, committed 1920K, reserved 1048576K
}
Event: 5029.293 GC heap before
{Heap before GC invocations=14 (full 0):
 garbage-first heap   total 131072K, used 52313K [0x0000000080000000, 0x0000000100000000)
  region size 1024K, 37 young (37888K), 1 survivors (1024K)
 Metaspace       used 16429K, capacity 16739K, committed 16768K, reserved 1064960K
  class space    used 1812K, capacity 1920K, committed 1920K, reserved 1048576K
}
Event: 5029.437 GC heap after
{Heap after GC invocations=15 (full 0):
 garbage-first heap   total 131072K, used 15476K [0x0000000080000000, 0x0000000100000000)
  region size 1024K, 1 young (1024K), 1 survivors (1024K)
 Metaspace       used 16429K, capacity 16739K, committed 16768K, reserved 1064960K
  class space    used 1812K, capacity 1920K, committed 1920K, reserved 1048576K
}

Deoptimization events (20 events):
Event: 671.695 Thread 0x0000025c961a9800 Uncommon trap: trap_request=0xffffffde fr.pc=0x0000025c87b899a0 relative=0x0000000000000100
Event: 671.695 Thread 0x0000025c961a9800 Uncommon trap: reason=class_check action=maybe_recompile pc=0x0000025c87b899a0 method=jdk.internal.misc.Unsafe.allocateUninitializedArray(Ljava/lang/Class;I)Ljava/lang/Object; @ 48 c2
Event: 671.695 Thread 0x0000025c961a9800 DEOPT PACKING pc=0x0000025c87b899a0 sp=0x000000f4d9efe720
Event: 671.704 Thread 0x0000025c961a9800 DEOPT UNPACKING pc=0x0000025c800268a9 sp=0x000000f4d9efe6a8 mode 2
Event: 671.705 Thread 0x0000025c961a9800 Uncommon trap: trap_request=0xffffffde fr.pc=0x0000025c87b899a0 relative=0x0000000000000100
Event: 671.705 Thread 0x0000025c961a9800 Uncommon trap: reason=class_check action=maybe_recompile pc=0x0000025c87b899a0 method=jdk.internal.misc.Unsafe.allocateUninitializedArray(Ljava/lang/Class;I)Ljava/lang/Object; @ 48 c2
Event: 671.705 Thread 0x0000025c961a9800 DEOPT PACKING pc=0x0000025c87b899a0 sp=0x000000f4d9efe720
Event: 671.705 Thread 0x0000025c961a9800 DEOPT UNPACKING pc=0x0000025c800268a9 sp=0x000000f4d9efe6a8 mode 2
Event: 671.705 Thread 0x0000025c961a9800 Uncommon trap: trap_request=0xffffffde fr.pc=0x0000025c87b899a0 relative=0x0000000000000100
Event: 671.705 Thread 0x0000025c961a9800 Uncommon trap: reason=class_check action=maybe_recompile pc=0x0000025c87b899a0 method=jdk.internal.misc.Unsafe.allocateUninitializedArray(Ljava/lang/Class;I)Ljava/lang/Object; @ 48 c2
Event: 671.705 Thread 0x0000025c961a9800 DEOPT PACKING pc=0x0000025c87b899a0 sp=0x000000f4d9efe720
Event: 671.705 Thread 0x0000025c961a9800 DEOPT UNPACKING pc=0x0000025c800268a9 sp=0x000000f4d9efe6a8 mode 2
Event: 671.705 Thread 0x0000025c961a9800 Uncommon trap: trap_request=0xffffffde fr.pc=0x0000025c87b899a0 relative=0x0000000000000100
Event: 671.705 Thread 0x0000025c961a9800 Uncommon trap: reason=class_check action=maybe_recompile pc=0x0000025c87b899a0 method=jdk.internal.misc.Unsafe.allocateUninitializedArray(Ljava/lang/Class;I)Ljava/lang/Object; @ 48 c2
Event: 671.705 Thread 0x0000025c961a9800 DEOPT PACKING pc=0x0000025c87b899a0 sp=0x000000f4d9efe720
Event: 671.720 Thread 0x0000025c961a9800 DEOPT UNPACKING pc=0x0000025c800268a9 sp=0x000000f4d9efe6a8 mode 2
Event: 3379.275 Thread 0x0000025c959e9800 DEOPT PACKING pc=0x0000025c809349e0 sp=0x000000f4da4fe5c0
Event: 3379.307 Thread 0x0000025c959e9800 DEOPT UNPACKING pc=0x0000025c800266bf sp=0x000000f4da4fda80 mode 0
Event: 5039.271 Thread 0x0000025c959e9800 DEOPT PACKING pc=0x0000025c808f19db sp=0x000000f4da4feb20
Event: 5039.298 Thread 0x0000025c959e9800 DEOPT UNPACKING pc=0x0000025c800266bf sp=0x000000f4da4fe010 mode 0

Classes redefined (0 events):
No events

Internal exceptions (20 events):
Event: 1.562 Thread 0x0000025cfa7db800 Exception <a 'java/lang/NoClassDefFoundError'{0x00000000874e40a0}: org/slf4j/impl/StaticMarkerBinder> (0x00000000874e40a0) thrown at [./src/hotspot/share/classfile/systemDictionary.cpp, line 220]
Event: 1.904 Thread 0x0000025cfa7db800 Exception <a 'java/lang/NoSuchMethodError'{0x0000000087f7fdd8}: 'java.lang.Object java.lang.invoke.DirectMethodHandle$Holder.invokeVirtual(java.lang.Object, java.lang.Object, java.lang.Object, java.lang.Object, java.lang.Object)'> (0x0000000087f7fdd8) thrown at [./src/hotspot/share/interpreter/linkResolver.cpp, line 773]
Event: 3.647 Thread 0x0000025cfa7db800 Exception <a 'java/security/PrivilegedActionException'{0x0000000087d50ca8}> (0x0000000087d50ca8) thrown at [./src/hotspot/share/prims/jvm.cpp, line 1297]
Event: 3.647 Thread 0x0000025cfa7db800 Exception <a 'java/security/PrivilegedActionException'{0x0000000087d51220}> (0x0000000087d51220) thrown at [./src/hotspot/share/prims/jvm.cpp, line 1297]
Event: 3.648 Thread 0x0000025cfa7db800 Exception <a 'java/security/PrivilegedActionException'{0x0000000087d52530}> (0x0000000087d52530) thrown at [./src/hotspot/share/prims/jvm.cpp, line 1297]
Event: 3.648 Thread 0x0000025cfa7db800 Exception <a 'java/security/PrivilegedActionException'{0x0000000087d52aa8}> (0x0000000087d52aa8) thrown at [./src/hotspot/share/prims/jvm.cpp, line 1297]
Event: 3.648 Thread 0x0000025cfa7db800 Exception <a 'java/security/PrivilegedActionException'{0x0000000087d53e90}> (0x0000000087d53e90) thrown at [./src/hotspot/share/prims/jvm.cpp, line 1297]
Event: 3.648 Thread 0x0000025cfa7db800 Exception <a 'java/security/PrivilegedActionException'{0x0000000087d54408}> (0x0000000087d54408) thrown at [./src/hotspot/share/prims/jvm.cpp, line 1297]
Event: 3.649 Thread 0x0000025cfa7db800 Exception <a 'java/security/PrivilegedActionException'{0x0000000087d55758}> (0x0000000087d55758) thrown at [./src/hotspot/share/prims/jvm.cpp, line 1297]
Event: 3.649 Thread 0x0000025cfa7db800 Exception <a 'java/security/PrivilegedActionException'{0x0000000087d55cd0}> (0x0000000087d55cd0) thrown at [./src/hotspot/share/prims/jvm.cpp, line 1297]
Event: 3.649 Thread 0x0000025cfa7db800 Exception <a 'java/security/PrivilegedActionException'{0x0000000087d57038}> (0x0000000087d57038) thrown at [./src/hotspot/share/prims/jvm.cpp, line 1297]
Event: 3.649 Thread 0x0000025cfa7db800 Exception <a 'java/security/PrivilegedActionException'{0x0000000087d575b0}> (0x0000000087d575b0) thrown at [./src/hotspot/share/prims/jvm.cpp, line 1297]
Event: 3.649 Thread 0x0000025cfa7db800 Exception <a 'java/security/PrivilegedActionException'{0x0000000087d58998}> (0x0000000087d58998) thrown at [./src/hotspot/share/prims/jvm.cpp, line 1297]
Event: 3.649 Thread 0x0000025cfa7db800 Exception <a 'java/security/PrivilegedActionException'{0x0000000087d58f10}> (0x0000000087d58f10) thrown at [./src/hotspot/share/prims/jvm.cpp, line 1297]
Event: 4.524 Thread 0x0000025cfa7db800 Exception <a 'java/lang/NoSuchMethodError'{0x0000000086dcf468}: 'java.lang.Object java.lang.invoke.DirectMethodHandle$Holder.invokeStaticInit(java.lang.Object, java.lang.Object, java.lang.Object)'> (0x0000000086dcf468) thrown at [./src/hotspot/share/interpreter/linkResolver.cpp, line 773]
Event: 4.947 Thread 0x0000025cfa7db800 Exception <a 'java/lang/NoSuchMethodError'{0x00000000868533a8}: 'java.lang.Object java.lang.invoke.Invokers$Holder.invoker(java.lang.Object, java.lang.Object, java.lang.Object, java.lang.Object, java.lang.Object)'> (0x00000000868533a8) thrown at [./src/hotspot/share/interpreter/linkResolver.cpp, line 773]
Event: 4.959 Thread 0x0000025cfa7db800 Exception <a 'java/lang/NoSuchMethodError'{0x0000000086864020}: 'void java.lang.invoke.DelegatingMethodHandle$Holder.delegate(java.lang.Object, java.lang.Object, int, java.lang.Object)'> (0x0000000086864020) thrown at [./src/hotspot/share/interpreter/linkResolver.cpp, line 773]
Event: 5.048 Thread 0x0000025cfa7db800 Exception <a 'java/lang/NoSuchMethodError'{0x000000008671fca0}: 'java.lang.Object java.lang.invoke.DirectMethodHandle$Holder.invokeStaticInit(java.lang.Object, int, int, int, int)'> (0x000000008671fca0) thrown at [./src/hotspot/share/interpreter/linkResolver.cpp, line 773]
Event: 6.435 Thread 0x0000025cfa7db800 Exception <a 'java/lang/NoSuchMethodError'{0x000000008673fc00}: 'java.lang.Object java.lang.invoke.DirectMethodHandle$Holder.invokeStaticInit(java.lang.Object, java.lang.Object, int, int, int, int)'> (0x000000008673fc00) thrown at [./src/hotspot/share/interpreter/linkResolver.cpp, line 773]
Event: 9.193 Thread 0x0000025cfa7db800 Exception <a 'java/io/IOException'{0x00000000862026c0}> (0x00000000862026c0) thrown at [./src/hotspot/share/prims/jni.cpp, line 615]

Events (20 events):
Event: 5039.461 Thread 0x0000025cff263800 flushing nmethod 0x0000025c80937a10
Event: 5199.234 Thread 0x0000025cff263800 flushing nmethod 0x0000025c8064fc10
Event: 5239.318 Thread 0x0000025cff263800 flushing nmethod 0x0000025c806e1290
Event: 5371.755 Thread 0x0000025cff263800 flushing nmethod 0x0000025c808f0810
Event: 5371.755 Thread 0x0000025cff263800 flushing nmethod 0x0000025c80942910
Event: 5505.742 Thread 0x0000025cff263800 flushing nmethod 0x0000025c80608b90
Event: 5599.588 Thread 0x0000025cff263800 flushing nmethod 0x0000025c8062b390
Event: 5729.234 Thread 0x0000025cff263800 flushing nmethod 0x0000025c808dfb10
Event: 5829.534 loading class org/gradle/internal/operations/OperationIdentifier
Event: 5829.534 loading class org/gradle/internal/operations/OperationIdentifier done
Event: 5830.117 Executing VM operation: RevokeBias
Event: 5830.176 Executing VM operation: RevokeBias done
Event: 5830.177 Executing VM operation: BulkRevokeBias
Event: 5830.186 Executing VM operation: BulkRevokeBias done
Event: 5830.266 Executing VM operation: RevokeBias
Event: 5830.304 Executing VM operation: RevokeBias done
Event: 5830.326 Executing VM operation: RevokeBias
Event: 5830.326 Executing VM operation: RevokeBias done
Event: 5831.164 Thread 0x0000025cff263800 flushing nmethod 0x0000025c808ee790
Event: 5831.165 Thread 0x0000025cff263800 flushing nmethod 0x0000025c80950790


Dynamic libraries:
0x00007ff7a0cc0000 - 0x00007ff7a0cca000 	C:\Program Files\Android\Android Studio1\jre\bin\java.exe
0x00007fff5c850000 - 0x00007fff5ca45000 	C:\WINDOWS\SYSTEM32\ntdll.dll
0x00007fff5b710000 - 0x00007fff5b7ce000 	C:\WINDOWS\System32\KERNEL32.DLL
0x00007fff5a4a0000 - 0x00007fff5a769000 	C:\WINDOWS\System32\KERNELBASE.dll
0x00007fff5a770000 - 0x00007fff5a870000 	C:\WINDOWS\System32\ucrtbase.dll
0x00007fff52d20000 - 0x00007fff52d37000 	C:\Program Files\Android\Android Studio1\jre\bin\VCRUNTIME140.dll
0x00007fff39330000 - 0x00007fff39349000 	C:\Program Files\Android\Android Studio1\jre\bin\jli.dll
0x00007fff5c050000 - 0x00007fff5c1f1000 	C:\WINDOWS\System32\USER32.dll
0x00007fff492b0000 - 0x00007fff4954a000 	C:\WINDOWS\WinSxS\amd64_microsoft.windows.common-controls_6595b64144ccf1df_6.0.19041.1110_none_60b5254171f9507e\COMCTL32.dll
0x00007fff5a260000 - 0x00007fff5a282000 	C:\WINDOWS\System32\win32u.dll
0x00007fff5b7f0000 - 0x00007fff5b81b000 	C:\WINDOWS\System32\GDI32.dll
0x00007fff5b670000 - 0x00007fff5b70e000 	C:\WINDOWS\System32\msvcrt.dll
0x00007fff5a150000 - 0x00007fff5a25b000 	C:\WINDOWS\System32\gdi32full.dll
0x00007fff5a0b0000 - 0x00007fff5a14d000 	C:\WINDOWS\System32\msvcp_win.dll
0x00007fff5c4e0000 - 0x00007fff5c510000 	C:\WINDOWS\System32\IMM32.DLL
0x00007fff37880000 - 0x00007fff3791d000 	C:\Program Files\Android\Android Studio1\jre\bin\msvcp140.dll
0x00007fff00ab0000 - 0x00007fff0156c000 	C:\Program Files\Android\Android Studio1\jre\bin\server\jvm.dll
0x00007fff5c760000 - 0x00007fff5c80c000 	C:\WINDOWS\System32\ADVAPI32.dll
0x00007fff5a8a0000 - 0x00007fff5a93b000 	C:\WINDOWS\System32\sechost.dll
0x00007fff5c200000 - 0x00007fff5c32a000 	C:\WINDOWS\System32\RPCRT4.dll
0x00007fff5a940000 - 0x00007fff5a948000 	C:\WINDOWS\System32\PSAPI.DLL
0x00007fff47bc0000 - 0x00007fff47be7000 	C:\WINDOWS\SYSTEM32\WINMM.dll
0x00007fff4a770000 - 0x00007fff4a77a000 	C:\WINDOWS\SYSTEM32\VERSION.dll
0x00007fff49620000 - 0x00007fff49629000 	C:\WINDOWS\SYSTEM32\WSOCK32.dll
0x00007fff5b470000 - 0x00007fff5b4db000 	C:\WINDOWS\System32\WS2_32.dll
0x00007fff57e20000 - 0x00007fff57e32000 	C:\WINDOWS\SYSTEM32\kernel.appcore.dll
0x00007fff54a40000 - 0x00007fff54a51000 	C:\Program Files\Android\Android Studio1\jre\bin\verify.dll
0x00007fff477a0000 - 0x00007fff47984000 	C:\WINDOWS\SYSTEM32\DBGHELP.DLL
0x00007fff47240000 - 0x00007fff4726c000 	C:\WINDOWS\SYSTEM32\dbgcore.DLL
0x00007fff59fc0000 - 0x00007fff5a043000 	C:\WINDOWS\System32\bcryptPrimitives.dll
0x00007fff540d0000 - 0x00007fff540f9000 	C:\Program Files\Android\Android Studio1\jre\bin\java.dll
0x00007fff559d0000 - 0x00007fff559db000 	C:\Program Files\Android\Android Studio1\jre\bin\jimage.dll
0x00007fff46190000 - 0x00007fff461a8000 	C:\Program Files\Android\Android Studio1\jre\bin\zip.dll
0x00007fff5b880000 - 0x00007fff5bfbf000 	C:\WINDOWS\System32\SHELL32.dll
0x00007fff58030000 - 0x00007fff587c0000 	C:\WINDOWS\SYSTEM32\windows.storage.dll
0x00007fff5a9c0000 - 0x00007fff5ad15000 	C:\WINDOWS\System32\combase.dll
0x00007fff59810000 - 0x00007fff5983c000 	C:\WINDOWS\SYSTEM32\Wldp.dll
0x00007fff5b310000 - 0x00007fff5b3bd000 	C:\WINDOWS\System32\SHCORE.dll
0x00007fff5b610000 - 0x00007fff5b665000 	C:\WINDOWS\System32\shlwapi.dll
0x00007fff59eb0000 - 0x00007fff59ecf000 	C:\WINDOWS\SYSTEM32\profapi.dll
0x00007fff3c4c0000 - 0x00007fff3c4da000 	C:\Program Files\Android\Android Studio1\jre\bin\net.dll
0x00007fff506d0000 - 0x00007fff507d8000 	C:\WINDOWS\SYSTEM32\WINHTTP.dll
0x00007fff595f0000 - 0x00007fff5965a000 	C:\WINDOWS\system32\mswsock.dll
0x00007fff3c4a0000 - 0x00007fff3c4b4000 	C:\Program Files\Android\Android Studio1\jre\bin\nio.dll
0x00007fff55a00000 - 0x00007fff55a27000 	D:\ekart\gradle\wrapper\native\fdc75f09e3144964f2cf3f50f0aa648679c211496f362492102eb8c894070792\windows-amd64\native-platform.dll
0x00007fff39350000 - 0x00007fff394e6000 	D:\ekart\gradle\wrapper\native\12488b8bf47d2d4c9fbf2f6322a914ad602e24e48041cd04a747c6da556b65c4\windows-amd64\native-platform-file-events.dll
0x00007fff54920000 - 0x00007fff5492a000 	C:\Program Files\Android\Android Studio1\jre\bin\management.dll
0x00007fff548b0000 - 0x00007fff548bc000 	C:\Program Files\Android\Android Studio1\jre\bin\management_ext.dll
0x00007fff59b90000 - 0x00007fff59ba8000 	C:\WINDOWS\SYSTEM32\CRYPTSP.dll
0x00007fff58f90000 - 0x00007fff58fc4000 	C:\WINDOWS\system32\rsaenh.dll
0x00007fff5a870000 - 0x00007fff5a897000 	C:\WINDOWS\System32\bcrypt.dll
0x00007fff59e70000 - 0x00007fff59e9e000 	C:\WINDOWS\SYSTEM32\USERENV.dll
0x00007fff59780000 - 0x00007fff5978c000 	C:\WINDOWS\SYSTEM32\CRYPTBASE.dll
0x00007fff59300000 - 0x00007fff5933b000 	C:\WINDOWS\SYSTEM32\IPHLPAPI.DLL
0x00007fff5bfc0000 - 0x00007fff5bfc8000 	C:\WINDOWS\System32\NSI.dll
0x00007fff52120000 - 0x00007fff52137000 	C:\WINDOWS\SYSTEM32\dhcpcsvc6.DLL
0x00007fff51b70000 - 0x00007fff51b8d000 	C:\WINDOWS\SYSTEM32\dhcpcsvc.DLL
0x00007fff59340000 - 0x00007fff5940c000 	C:\WINDOWS\SYSTEM32\DNSAPI.dll
0x00007fff528a0000 - 0x00007fff528ab000 	C:\WINDOWS\SYSTEM32\WINNSI.DLL

dbghelp: loaded successfully - version: 4.0.5 - missing functions: none
symbol engine: initialized successfully - sym options: 0x614 - pdb path: .;C:\Program Files\Android\Android Studio1\jre\bin;C:\WINDOWS\SYSTEM32;C:\WINDOWS\WinSxS\amd64_microsoft.windows.common-controls_6595b64144ccf1df_6.0.19041.1110_none_60b5254171f9507e;C:\Program Files\Android\Android Studio1\jre\bin\server;D:\ekart\gradle\wrapper\native\fdc75f09e3144964f2cf3f50f0aa648679c211496f362492102eb8c894070792\windows-amd64;D:\ekart\gradle\wrapper\native\12488b8bf47d2d4c9fbf2f6322a914ad602e24e48041cd04a747c6da556b65c4\windows-amd64

VM Arguments:
jvm_args: --add-opens=java.base/java.util=ALL-UNNAMED --add-opens=java.base/java.lang=ALL-UNNAMED --add-opens=java.base/java.lang.invoke=ALL-UNNAMED --add-opens=java.prefs/java.util.prefs=ALL-UNNAMED -Xmx2048m -Dfile.encoding=UTF-8 -Duser.country=US -Duser.language=en -Duser.variant 
java_command: org.gradle.launcher.daemon.bootstrap.GradleDaemon 6.7.1
java_class_path (initial): D:\ekart\gradle\wrapper\wrapper\dists\gradle-6.7.1-bin\bwlcbys1h7rz3272sye1xwiv6\gradle-6.7.1\lib\gradle-launcher-6.7.1.jar
Launcher Type: SUN_STANDARD

[Global flags]
     intx CICompilerCount                          = 3                                         {product} {ergonomic}
     uint ConcGCThreads                            = 1                                         {product} {ergonomic}
     uint G1ConcRefinementThreads                  = 4                                         {product} {ergonomic}
   size_t G1HeapRegionSize                         = 1048576                                   {product} {ergonomic}
    uintx GCDrainStackTargetSize                   = 64                                        {product} {ergonomic}
   size_t InitialHeapSize                          = 134217728                                 {product} {ergonomic}
   size_t MarkStackSize                            = 4194304                                   {product} {ergonomic}
   size_t MaxHeapSize                              = 2147483648                                {product} {command line}
   size_t MaxNewSize                               = 1287651328                                {product} {ergonomic}
   size_t MinHeapDeltaBytes                        = 1048576                                   {product} {ergonomic}
    uintx NonNMethodCodeHeapSize                   = 5830732                                {pd product} {ergonomic}
    uintx NonProfiledCodeHeapSize                  = 122913754                              {pd product} {ergonomic}
    uintx ProfiledCodeHeapSize                     = 122913754                              {pd product} {ergonomic}
    uintx ReservedCodeCacheSize                    = 251658240                              {pd product} {ergonomic}
     bool SegmentedCodeCache                       = true                                      {product} {ergonomic}
     bool UseCompressedClassPointers               = true                                 {lp64_product} {ergonomic}
     bool UseCompressedOops                        = true                                 {lp64_product} {ergonomic}
     bool UseG1GC                                  = true                                      {product} {ergonomic}
     bool UseLargePagesIndividualAllocation        = false                                  {pd product} {ergonomic}

Logging:
Log output configuration:
 #0: stdout all=warning uptime,level,tags
 #1: stderr all=off uptime,level,tags

Environment Variables:
JAVA_HOME=C:\Program Files\Java\jdk1.8.0_291
PATH=C:\Program Files (x86)\Common Files\Oracle\Java\javapath;C:\WINDOWS\system32;C:\WINDOWS;C:\WINDOWS\System32\Wbem;C:\WINDOWS\System32\WindowsPowerShell\v1.0\;C:\WINDOWS\System32\OpenSSH\;C:\Program Files\Git\cmd;C:\Program Files\Java\jdk1.8.0_291\bin;;C:\Program Files\PuTTY\;C:\Program Files\Docker\Docker\resources\bin;C:\ProgramData\DockerDesktop\version-bin;C:\Program Files\MySQL\MySQL Shell 8.0\bin\;C:\Users\DESMOND\anaconda3;C:\Users\DESMOND\anaconda3\Library\mingw-w64\bin;C:\Users\DESMOND\anaconda3\Library\usr\bin;C:\Users\DESMOND\anaconda3\Library\bin;C:\Users\DESMOND\anaconda3\Scripts;C:\Users\DESMOND\AppData\Local\Microsoft\WindowsApps;C:\Users\DESMOND\AppData\Local\Programs\Microsoft VS Code\bin;C:\Users\DESMOND\AppData\Local\GitHubDesktop\bin;C:\Users\DESMOND\flutter\bin;C:\Users\DESMOND\flutter\bin;C:\Program Files\heroku\bin;SPARK_HOME%\bin;C:\BigDataLocalSetup\hadoop\bin;
USERNAME=DESMOND
OS=Windows_NT
PROCESSOR_IDENTIFIER=Intel64 Family 6 Model 76 Stepping 4, GenuineIntel



---------------  S Y S T E M  ---------------

OS: Windows 10 , 64 bit Build 19041 (10.0.19041.1202)
OS uptime: 0 days 1:59 hours
HyperV virtualization detected

CPU:total 4 (initial active 4) (4 cores per cpu, 1 threads per core) family 6 model 76 stepping 4, cmov, cx8, fxsr, mmx, sse, sse2, sse3, ssse3, sse4.1, sse4.2, popcnt, aes, clmul, erms, 3dnowpref, tsc, tscinvbit

Memory: 4k page, system-wide physical 8095M (385M free)
TotalPageFile size 20530M (AvailPageFile size 140M)
current process WorkingSet (physical memory assigned to process): 42M, peak: 120M
current process commit charge ("private bytes"): 235M, peak: 251M

vm_info: OpenJDK 64-Bit Server VM (11.0.8+10-b944.6842174) for windows-amd64 JRE (11.0.8+10-b944.6842174), built on Sep 19 2020 01:11:42 by "builder" with MS VC++ 14.0 (VS2015)

END.
