#
# There is insufficient memory for the Java Runtime Environment to continue.
# Native memory allocation (malloc) failed to allocate 59984 bytes for Chunk::new
# Possible reasons:
#   The system is out of physical RAM or swap space
#   The process is running with CompressedOops enabled, and the Java Heap may be blocking the growth of the native heap
# Possible solutions:
#   Reduce memory load on the system
#   Increase physical memory or swap space
#   Check if swap backing store is full
#   Decrease Java heap size (-Xmx/-Xms)
#   Decrease number of Java threads
#   Decrease Java thread stack sizes (-Xss)
#   Set larger code cache with -XX:ReservedCodeCacheSize=
#   JVM is running with Unscaled Compressed Oops mode in which the Java heap is
#     placed in the first 4GB address space. The Java Heap base address is the
#     maximum limit for the native heap growth. Please use -XX:HeapBaseMinAddress
#     to set the Java Heap base and to place the Java Heap above 4GB virtual address.
# This output file may be truncated or incomplete.
#
#  Out of Memory Error (./src/hotspot/share/memory/arena.cpp:197), pid=11708, tid=5440
#
# JRE version: OpenJDK Runtime Environment (11.0.8+10) (build 11.0.8+10-b944.6842174)
# Java VM: OpenJDK 64-Bit Server VM (11.0.8+10-b944.6842174, mixed mode, tiered, compressed oops, g1 gc, windows-amd64)
# No core dump will be written. Minidumps are not enabled by default on client versions of Windows
#

---------------  S U M M A R Y ------------

Command Line: --add-opens=java.base/java.util=ALL-UNNAMED --add-opens=java.base/java.lang=ALL-UNNAMED --add-opens=java.base/java.lang.invoke=ALL-UNNAMED --add-opens=java.prefs/java.util.prefs=ALL-UNNAMED -Xmx2048m -Dfile.encoding=UTF-8 -Duser.country=US -Duser.language=en -Duser.variant org.gradle.launcher.daemon.bootstrap.GradleDaemon 6.7.1

Host: Intel(R) Celeron(R) CPU  N3160  @ 1.60GHz, 4 cores, 7G,  Windows 10 , 64 bit Build 19041 (10.0.19041.1202)
Time: Mon Oct 18 19:12:32 2021 E. Africa Standard Time elapsed time: 108 seconds (0d 0h 1m 48s)

---------------  T H R E A D  ---------------

Current thread (0x000001b5da989800):  JavaThread "C2 CompilerThread0" daemon [_thread_in_native, id=5440, stack(0x0000002d93100000,0x0000002d93200000)]


Current CompileTask:
C2: 108589 1836       4       javax.management.ObjectName::construct (1135 bytes)

Stack: [0x0000002d93100000,0x0000002d93200000]
Native frames: (J=compiled Java code, j=interpreted, Vv=VM code, C=native code)
V  [jvm.dll+0x5de50a]
V  [jvm.dll+0x7122f5]
V  [jvm.dll+0x71384d]
V  [jvm.dll+0x713f03]
V  [jvm.dll+0x23e728]
V  [jvm.dll+0xb899c]
V  [jvm.dll+0xb8e9c]
V  [jvm.dll+0xb8a98]
V  [jvm.dll+0x63a13c]
V  [jvm.dll+0x509394]
V  [jvm.dll+0x506f81]
V  [jvm.dll+0x5043cf]
V  [jvm.dll+0x504445]
V  [jvm.dll+0x504445]
V  [jvm.dll+0x502306]
V  [jvm.dll+0x1f8a85]
V  [jvm.dll+0x1f685f]
V  [jvm.dll+0x17f32c]
V  [jvm.dll+0x205047]
V  [jvm.dll+0x203891]
V  [jvm.dll+0x6dad3f]
V  [jvm.dll+0x6d3895]
V  [jvm.dll+0x5dd4a6]
C  [ucrtbase.dll+0x21bb2]
C  [KERNEL32.DLL+0x17034]
C  [ntdll.dll+0x52651]


---------------  P R O C E S S  ---------------

Threads class SMR info:
_java_thread_list=0x000001b5dc4e9a00, length=13, elements={
0x000001b5beead000, 0x000001b5da972000, 0x000001b5da973800, 0x000001b5db302800,
0x000001b5da987000, 0x000001b5da989800, 0x000001b5da9b1800, 0x000001b5db344000,
0x000001b5db43a800, 0x000001b5db455000, 0x000001b5dce15800, 0x000001b5dc79a800,
0x000001b5dcc8d800
}

Java Threads: ( => current thread )
  0x000001b5beead000 JavaThread "main" [_thread_blocked, id=9660, stack(0x0000002d92600000,0x0000002d92700000)]
  0x000001b5da972000 JavaThread "Reference Handler" daemon [_thread_blocked, id=2644, stack(0x0000002d92d00000,0x0000002d92e00000)]
  0x000001b5da973800 JavaThread "Finalizer" daemon [_thread_blocked, id=14880, stack(0x0000002d92e00000,0x0000002d92f00000)]
  0x000001b5db302800 JavaThread "Signal Dispatcher" daemon [_thread_blocked, id=14808, stack(0x0000002d92f00000,0x0000002d93000000)]
  0x000001b5da987000 JavaThread "Attach Listener" daemon [_thread_blocked, id=14772, stack(0x0000002d93000000,0x0000002d93100000)]
=>0x000001b5da989800 JavaThread "C2 CompilerThread0" daemon [_thread_in_native, id=5440, stack(0x0000002d93100000,0x0000002d93200000)]
  0x000001b5da9b1800 JavaThread "C1 CompilerThread0" daemon [_thread_blocked, id=10312, stack(0x0000002d93200000,0x0000002d93300000)]
  0x000001b5db344000 JavaThread "Sweeper thread" daemon [_thread_blocked, id=12720, stack(0x0000002d93300000,0x0000002d93400000)]
  0x000001b5db43a800 JavaThread "Common-Cleaner" daemon [_thread_blocked, id=12884, stack(0x0000002d93400000,0x0000002d93500000)]
  0x000001b5db455000 JavaThread "Service Thread" daemon [_thread_blocked, id=10620, stack(0x0000002d93500000,0x0000002d93600000)]
  0x000001b5dce15800 JavaThread "Daemon health stats" [_thread_blocked, id=9688, stack(0x0000002d93900000,0x0000002d93a00000)]
  0x000001b5dc79a800 JavaThread "Incoming local TCP Connector on port 58241" [_thread_in_native, id=9708, stack(0x0000002d93c00000,0x0000002d93d00000)]
  0x000001b5dcc8d800 JavaThread "Daemon periodic checks" [_thread_blocked, id=10840, stack(0x0000002d93d00000,0x0000002d93e00000)]

Other Threads:
  0x000001b5da96b000 VMThread "VM Thread" [stack: 0x0000002d92c00000,0x0000002d92d00000] [id=15168]
  0x000001b5db456800 WatcherThread [stack: 0x0000002d93600000,0x0000002d93700000] [id=10716]
  0x000001b5c0f23000 GCTaskThread "GC Thread#0" [stack: 0x0000002d92700000,0x0000002d92800000] [id=5956]
  0x000001b5db79f800 GCTaskThread "GC Thread#1" [stack: 0x0000002d93700000,0x0000002d93800000] [id=9772]
  0x000001b5db7a0000 GCTaskThread "GC Thread#2" [stack: 0x0000002d93800000,0x0000002d93900000] [id=10668]
  0x000001b5c0f54800 ConcurrentGCThread "G1 Main Marker" [stack: 0x0000002d92800000,0x0000002d92900000] [id=8344]
  0x000001b5c0f57000 ConcurrentGCThread "G1 Conc#0" [stack: 0x0000002d92900000,0x0000002d92a00000] [id=6868]
  0x000001b5c0fe8000 ConcurrentGCThread "G1 Refine#0" [stack: 0x0000002d92a00000,0x0000002d92b00000] [id=3268]
  0x000001b5c0fe9000 ConcurrentGCThread "G1 Young RemSet Sampling" [stack: 0x0000002d92b00000,0x0000002d92c00000] [id=13340]

Threads with active compile tasks:
C2 CompilerThread0 108704 1836       4       javax.management.ObjectName::construct (1135 bytes)

VM state:not at safepoint (normal execution)

VM Mutex/Monitor currently owned by a thread: None

Heap address: 0x0000000080000000, size: 2048 MB, Compressed Oops mode: 32-bit
Narrow klass base: 0x0000000000000000, Narrow klass shift: 3
Compressed class space size: 1073741824 Address: 0x0000000100000000

Heap:
 garbage-first heap   total 131072K, used 42038K [0x0000000080000000, 0x0000000100000000)
  region size 1024K, 34 young (34816K), 4 survivors (4096K)
 Metaspace       used 16033K, capacity 16350K, committed 16512K, reserved 1064960K
  class space    used 1811K, capacity 1920K, committed 1920K, reserved 1048576K
Heap Regions: E=young(eden), S=young(survivor), O=old, HS=humongous(starts), HC=humongous(continues), CS=collection set, F=free, A=archive, TAMS=top-at-mark-start (previous, next)
|   0|0x0000000080000000, 0x0000000080100000, 0x0000000080100000|100%| O|  |TAMS 0x0000000080000000, 0x0000000080000000| Untracked 
|   1|0x0000000080100000, 0x0000000080200000, 0x0000000080200000|100%| O|  |TAMS 0x0000000080100000, 0x0000000080100000| Untracked 
|   2|0x0000000080200000, 0x000000008020d800, 0x0000000080300000|  5%| O|  |TAMS 0x0000000080200000, 0x0000000080200000| Untracked 
|   3|0x0000000080300000, 0x0000000080400000, 0x0000000080400000|100%|HS|  |TAMS 0x0000000080300000, 0x0000000080300000| Complete 
|   4|0x0000000080400000, 0x0000000080500000, 0x0000000080500000|100%|HC|  |TAMS 0x0000000080400000, 0x0000000080400000| Complete 
|   5|0x0000000080500000, 0x0000000080600000, 0x0000000080600000|100%|HC|  |TAMS 0x0000000080500000, 0x0000000080500000| Complete 
|   6|0x0000000080600000, 0x0000000080700000, 0x0000000080700000|100%| O|  |TAMS 0x0000000080600000, 0x0000000080600000| Untracked 
|   7|0x0000000080700000, 0x0000000080800000, 0x0000000080800000|100%| O|  |TAMS 0x0000000080700000, 0x0000000080700000| Untracked 
|   8|0x0000000080800000, 0x0000000080900000, 0x0000000080900000|100%| O|  |TAMS 0x0000000080800000, 0x0000000080800000| Untracked 
|   9|0x0000000080900000, 0x0000000080900000, 0x0000000080a00000|  0%| F|  |TAMS 0x0000000080900000, 0x0000000080900000| Untracked 
|  10|0x0000000080a00000, 0x0000000080a00000, 0x0000000080b00000|  0%| F|  |TAMS 0x0000000080a00000, 0x0000000080a00000| Untracked 
|  11|0x0000000080b00000, 0x0000000080b00000, 0x0000000080c00000|  0%| F|  |TAMS 0x0000000080b00000, 0x0000000080b00000| Untracked 
|  12|0x0000000080c00000, 0x0000000080c00000, 0x0000000080d00000|  0%| F|  |TAMS 0x0000000080c00000, 0x0000000080c00000| Untracked 
|  13|0x0000000080d00000, 0x0000000080d00000, 0x0000000080e00000|  0%| F|  |TAMS 0x0000000080d00000, 0x0000000080d00000| Untracked 
|  14|0x0000000080e00000, 0x0000000080e00000, 0x0000000080f00000|  0%| F|  |TAMS 0x0000000080e00000, 0x0000000080e00000| Untracked 
|  15|0x0000000080f00000, 0x0000000080f00000, 0x0000000081000000|  0%| F|  |TAMS 0x0000000080f00000, 0x0000000080f00000| Untracked 
|  16|0x0000000081000000, 0x0000000081000000, 0x0000000081100000|  0%| F|  |TAMS 0x0000000081000000, 0x0000000081000000| Untracked 
|  17|0x0000000081100000, 0x0000000081100000, 0x0000000081200000|  0%| F|  |TAMS 0x0000000081100000, 0x0000000081100000| Untracked 
|  18|0x0000000081200000, 0x0000000081200000, 0x0000000081300000|  0%| F|  |TAMS 0x0000000081200000, 0x0000000081200000| Untracked 
|  19|0x0000000081300000, 0x0000000081300000, 0x0000000081400000|  0%| F|  |TAMS 0x0000000081300000, 0x0000000081300000| Untracked 
|  20|0x0000000081400000, 0x0000000081400000, 0x0000000081500000|  0%| F|  |TAMS 0x0000000081400000, 0x0000000081400000| Untracked 
|  21|0x0000000081500000, 0x0000000081500000, 0x0000000081600000|  0%| F|  |TAMS 0x0000000081500000, 0x0000000081500000| Untracked 
|  22|0x0000000081600000, 0x0000000081600000, 0x0000000081700000|  0%| F|  |TAMS 0x0000000081600000, 0x0000000081600000| Untracked 
|  23|0x0000000081700000, 0x0000000081700000, 0x0000000081800000|  0%| F|  |TAMS 0x0000000081700000, 0x0000000081700000| Untracked 
|  24|0x0000000081800000, 0x0000000081800000, 0x0000000081900000|  0%| F|  |TAMS 0x0000000081800000, 0x0000000081800000| Untracked 
|  25|0x0000000081900000, 0x0000000081900000, 0x0000000081a00000|  0%| F|  |TAMS 0x0000000081900000, 0x0000000081900000| Untracked 
|  26|0x0000000081a00000, 0x0000000081a00000, 0x0000000081b00000|  0%| F|  |TAMS 0x0000000081a00000, 0x0000000081a00000| Untracked 
|  27|0x0000000081b00000, 0x0000000081b00000, 0x0000000081c00000|  0%| F|  |TAMS 0x0000000081b00000, 0x0000000081b00000| Untracked 
|  28|0x0000000081c00000, 0x0000000081c00000, 0x0000000081d00000|  0%| F|  |TAMS 0x0000000081c00000, 0x0000000081c00000| Untracked 
|  29|0x0000000081d00000, 0x0000000081d00000, 0x0000000081e00000|  0%| F|  |TAMS 0x0000000081d00000, 0x0000000081d00000| Untracked 
|  30|0x0000000081e00000, 0x0000000081e00000, 0x0000000081f00000|  0%| F|  |TAMS 0x0000000081e00000, 0x0000000081e00000| Untracked 
|  31|0x0000000081f00000, 0x0000000081f00000, 0x0000000082000000|  0%| F|  |TAMS 0x0000000081f00000, 0x0000000081f00000| Untracked 
|  32|0x0000000082000000, 0x0000000082000000, 0x0000000082100000|  0%| F|  |TAMS 0x0000000082000000, 0x0000000082000000| Untracked 
|  33|0x0000000082100000, 0x0000000082100000, 0x0000000082200000|  0%| F|  |TAMS 0x0000000082100000, 0x0000000082100000| Untracked 
|  34|0x0000000082200000, 0x0000000082200000, 0x0000000082300000|  0%| F|  |TAMS 0x0000000082200000, 0x0000000082200000| Untracked 
|  35|0x0000000082300000, 0x0000000082300000, 0x0000000082400000|  0%| F|  |TAMS 0x0000000082300000, 0x0000000082300000| Untracked 
|  36|0x0000000082400000, 0x0000000082400000, 0x0000000082500000|  0%| F|  |TAMS 0x0000000082400000, 0x0000000082400000| Untracked 
|  37|0x0000000082500000, 0x0000000082500000, 0x0000000082600000|  0%| F|  |TAMS 0x0000000082500000, 0x0000000082500000| Untracked 
|  38|0x0000000082600000, 0x0000000082600000, 0x0000000082700000|  0%| F|  |TAMS 0x0000000082600000, 0x0000000082600000| Untracked 
|  39|0x0000000082700000, 0x0000000082700000, 0x0000000082800000|  0%| F|  |TAMS 0x0000000082700000, 0x0000000082700000| Untracked 
|  40|0x0000000082800000, 0x0000000082800000, 0x0000000082900000|  0%| F|  |TAMS 0x0000000082800000, 0x0000000082800000| Untracked 
|  41|0x0000000082900000, 0x0000000082900000, 0x0000000082a00000|  0%| F|  |TAMS 0x0000000082900000, 0x0000000082900000| Untracked 
|  42|0x0000000082a00000, 0x0000000082a00000, 0x0000000082b00000|  0%| F|  |TAMS 0x0000000082a00000, 0x0000000082a00000| Untracked 
|  43|0x0000000082b00000, 0x0000000082b00000, 0x0000000082c00000|  0%| F|  |TAMS 0x0000000082b00000, 0x0000000082b00000| Untracked 
|  44|0x0000000082c00000, 0x0000000082c00000, 0x0000000082d00000|  0%| F|  |TAMS 0x0000000082c00000, 0x0000000082c00000| Untracked 
|  45|0x0000000082d00000, 0x0000000082d00000, 0x0000000082e00000|  0%| F|  |TAMS 0x0000000082d00000, 0x0000000082d00000| Untracked 
|  46|0x0000000082e00000, 0x0000000082e00000, 0x0000000082f00000|  0%| F|  |TAMS 0x0000000082e00000, 0x0000000082e00000| Untracked 
|  47|0x0000000082f00000, 0x0000000082f00000, 0x0000000083000000|  0%| F|  |TAMS 0x0000000082f00000, 0x0000000082f00000| Untracked 
|  48|0x0000000083000000, 0x0000000083000000, 0x0000000083100000|  0%| F|  |TAMS 0x0000000083000000, 0x0000000083000000| Untracked 
|  49|0x0000000083100000, 0x0000000083100000, 0x0000000083200000|  0%| F|  |TAMS 0x0000000083100000, 0x0000000083100000| Untracked 
|  50|0x0000000083200000, 0x0000000083200000, 0x0000000083300000|  0%| F|  |TAMS 0x0000000083200000, 0x0000000083200000| Untracked 
|  51|0x0000000083300000, 0x0000000083300000, 0x0000000083400000|  0%| F|  |TAMS 0x0000000083300000, 0x0000000083300000| Untracked 
|  52|0x0000000083400000, 0x0000000083400000, 0x0000000083500000|  0%| F|  |TAMS 0x0000000083400000, 0x0000000083400000| Untracked 
|  53|0x0000000083500000, 0x0000000083500000, 0x0000000083600000|  0%| F|  |TAMS 0x0000000083500000, 0x0000000083500000| Untracked 
|  54|0x0000000083600000, 0x0000000083600000, 0x0000000083700000|  0%| F|  |TAMS 0x0000000083600000, 0x0000000083600000| Untracked 
|  55|0x0000000083700000, 0x0000000083700000, 0x0000000083800000|  0%| F|  |TAMS 0x0000000083700000, 0x0000000083700000| Untracked 
|  56|0x0000000083800000, 0x0000000083800000, 0x0000000083900000|  0%| F|  |TAMS 0x0000000083800000, 0x0000000083800000| Untracked 
|  57|0x0000000083900000, 0x0000000083900000, 0x0000000083a00000|  0%| F|  |TAMS 0x0000000083900000, 0x0000000083900000| Untracked 
|  58|0x0000000083a00000, 0x0000000083a00000, 0x0000000083b00000|  0%| F|  |TAMS 0x0000000083a00000, 0x0000000083a00000| Untracked 
|  59|0x0000000083b00000, 0x0000000083b00000, 0x0000000083c00000|  0%| F|  |TAMS 0x0000000083b00000, 0x0000000083b00000| Untracked 
|  60|0x0000000083c00000, 0x0000000083c00000, 0x0000000083d00000|  0%| F|  |TAMS 0x0000000083c00000, 0x0000000083c00000| Untracked 
|  61|0x0000000083d00000, 0x0000000083d00000, 0x0000000083e00000|  0%| F|  |TAMS 0x0000000083d00000, 0x0000000083d00000| Untracked 
|  62|0x0000000083e00000, 0x0000000083e00000, 0x0000000083f00000|  0%| F|  |TAMS 0x0000000083e00000, 0x0000000083e00000| Untracked 
|  63|0x0000000083f00000, 0x0000000083f00000, 0x0000000084000000|  0%| F|  |TAMS 0x0000000083f00000, 0x0000000083f00000| Untracked 
|  64|0x0000000084000000, 0x0000000084000000, 0x0000000084100000|  0%| F|  |TAMS 0x0000000084000000, 0x0000000084000000| Untracked 
|  65|0x0000000084100000, 0x0000000084100000, 0x0000000084200000|  0%| F|  |TAMS 0x0000000084100000, 0x0000000084100000| Untracked 
|  66|0x0000000084200000, 0x0000000084200000, 0x0000000084300000|  0%| F|  |TAMS 0x0000000084200000, 0x0000000084200000| Untracked 
|  67|0x0000000084300000, 0x0000000084300000, 0x0000000084400000|  0%| F|  |TAMS 0x0000000084300000, 0x0000000084300000| Untracked 
|  68|0x0000000084400000, 0x0000000084400000, 0x0000000084500000|  0%| F|  |TAMS 0x0000000084400000, 0x0000000084400000| Untracked 
|  69|0x0000000084500000, 0x0000000084500000, 0x0000000084600000|  0%| F|  |TAMS 0x0000000084500000, 0x0000000084500000| Untracked 
|  70|0x0000000084600000, 0x0000000084600000, 0x0000000084700000|  0%| F|  |TAMS 0x0000000084600000, 0x0000000084600000| Untracked 
|  71|0x0000000084700000, 0x0000000084700000, 0x0000000084800000|  0%| F|  |TAMS 0x0000000084700000, 0x0000000084700000| Untracked 
|  72|0x0000000084800000, 0x0000000084800000, 0x0000000084900000|  0%| F|  |TAMS 0x0000000084800000, 0x0000000084800000| Untracked 
|  73|0x0000000084900000, 0x0000000084900000, 0x0000000084a00000|  0%| F|  |TAMS 0x0000000084900000, 0x0000000084900000| Untracked 
|  74|0x0000000084a00000, 0x0000000084a00000, 0x0000000084b00000|  0%| F|  |TAMS 0x0000000084a00000, 0x0000000084a00000| Untracked 
|  75|0x0000000084b00000, 0x0000000084b00000, 0x0000000084c00000|  0%| F|  |TAMS 0x0000000084b00000, 0x0000000084b00000| Untracked 
|  76|0x0000000084c00000, 0x0000000084c00000, 0x0000000084d00000|  0%| F|  |TAMS 0x0000000084c00000, 0x0000000084c00000| Untracked 
|  77|0x0000000084d00000, 0x0000000084d00000, 0x0000000084e00000|  0%| F|  |TAMS 0x0000000084d00000, 0x0000000084d00000| Untracked 
|  78|0x0000000084e00000, 0x0000000084e00000, 0x0000000084f00000|  0%| F|  |TAMS 0x0000000084e00000, 0x0000000084e00000| Untracked 
|  79|0x0000000084f00000, 0x0000000084f00000, 0x0000000085000000|  0%| F|  |TAMS 0x0000000084f00000, 0x0000000084f00000| Untracked 
|  80|0x0000000085000000, 0x0000000085000000, 0x0000000085100000|  0%| F|  |TAMS 0x0000000085000000, 0x0000000085000000| Untracked 
|  81|0x0000000085100000, 0x0000000085100000, 0x0000000085200000|  0%| F|  |TAMS 0x0000000085100000, 0x0000000085100000| Untracked 
|  82|0x0000000085200000, 0x0000000085200000, 0x0000000085300000|  0%| F|  |TAMS 0x0000000085200000, 0x0000000085200000| Untracked 
|  83|0x0000000085300000, 0x0000000085300000, 0x0000000085400000|  0%| F|  |TAMS 0x0000000085300000, 0x0000000085300000| Untracked 
|  84|0x0000000085400000, 0x0000000085400000, 0x0000000085500000|  0%| F|  |TAMS 0x0000000085400000, 0x0000000085400000| Untracked 
|  85|0x0000000085500000, 0x0000000085500000, 0x0000000085600000|  0%| F|  |TAMS 0x0000000085500000, 0x0000000085500000| Untracked 
|  86|0x0000000085600000, 0x0000000085600000, 0x0000000085700000|  0%| F|  |TAMS 0x0000000085600000, 0x0000000085600000| Untracked 
|  87|0x0000000085700000, 0x0000000085700000, 0x0000000085800000|  0%| F|  |TAMS 0x0000000085700000, 0x0000000085700000| Untracked 
|  88|0x0000000085800000, 0x0000000085800000, 0x0000000085900000|  0%| F|  |TAMS 0x0000000085800000, 0x0000000085800000| Untracked 
|  89|0x0000000085900000, 0x0000000085900000, 0x0000000085a00000|  0%| F|  |TAMS 0x0000000085900000, 0x0000000085900000| Untracked 
|  90|0x0000000085a00000, 0x0000000085a00000, 0x0000000085b00000|  0%| F|  |TAMS 0x0000000085a00000, 0x0000000085a00000| Untracked 
|  91|0x0000000085b00000, 0x0000000085b00000, 0x0000000085c00000|  0%| F|  |TAMS 0x0000000085b00000, 0x0000000085b00000| Untracked 
|  92|0x0000000085c00000, 0x0000000085c00000, 0x0000000085d00000|  0%| F|  |TAMS 0x0000000085c00000, 0x0000000085c00000| Untracked 
|  93|0x0000000085d00000, 0x0000000085d00000, 0x0000000085e00000|  0%| F|  |TAMS 0x0000000085d00000, 0x0000000085d00000| Untracked 
|  94|0x0000000085e00000, 0x0000000085f00000, 0x0000000085f00000|100%| E|  |TAMS 0x0000000085e00000, 0x0000000085e00000| Complete 
|  95|0x0000000085f00000, 0x0000000086000000, 0x0000000086000000|100%| E|CS|TAMS 0x0000000085f00000, 0x0000000085f00000| Complete 
|  96|0x0000000086000000, 0x0000000086100000, 0x0000000086100000|100%| E|CS|TAMS 0x0000000086000000, 0x0000000086000000| Complete 
|  97|0x0000000086100000, 0x0000000086200000, 0x0000000086200000|100%| E|CS|TAMS 0x0000000086100000, 0x0000000086100000| Complete 
|  98|0x0000000086200000, 0x0000000086300000, 0x0000000086300000|100%| S|CS|TAMS 0x0000000086200000, 0x0000000086200000| Complete 
|  99|0x0000000086300000, 0x0000000086400000, 0x0000000086400000|100%| S|CS|TAMS 0x0000000086300000, 0x0000000086300000| Complete 
| 100|0x0000000086400000, 0x0000000086500000, 0x0000000086500000|100%| S|CS|TAMS 0x0000000086400000, 0x0000000086400000| Complete 
| 101|0x0000000086500000, 0x0000000086600000, 0x0000000086600000|100%| S|CS|TAMS 0x0000000086500000, 0x0000000086500000| Complete 
| 102|0x0000000086600000, 0x0000000086700000, 0x0000000086700000|100%| E|CS|TAMS 0x0000000086600000, 0x0000000086600000| Complete 
| 103|0x0000000086700000, 0x0000000086800000, 0x0000000086800000|100%| E|CS|TAMS 0x0000000086700000, 0x0000000086700000| Complete 
| 104|0x0000000086800000, 0x0000000086900000, 0x0000000086900000|100%| E|CS|TAMS 0x0000000086800000, 0x0000000086800000| Complete 
| 105|0x0000000086900000, 0x0000000086a00000, 0x0000000086a00000|100%| E|CS|TAMS 0x0000000086900000, 0x0000000086900000| Complete 
| 106|0x0000000086a00000, 0x0000000086b00000, 0x0000000086b00000|100%| E|CS|TAMS 0x0000000086a00000, 0x0000000086a00000| Complete 
| 107|0x0000000086b00000, 0x0000000086c00000, 0x0000000086c00000|100%| E|CS|TAMS 0x0000000086b00000, 0x0000000086b00000| Complete 
| 108|0x0000000086c00000, 0x0000000086d00000, 0x0000000086d00000|100%| E|CS|TAMS 0x0000000086c00000, 0x0000000086c00000| Complete 
| 109|0x0000000086d00000, 0x0000000086e00000, 0x0000000086e00000|100%| E|CS|TAMS 0x0000000086d00000, 0x0000000086d00000| Complete 
| 110|0x0000000086e00000, 0x0000000086f00000, 0x0000000086f00000|100%| E|CS|TAMS 0x0000000086e00000, 0x0000000086e00000| Complete 
| 111|0x0000000086f00000, 0x0000000087000000, 0x0000000087000000|100%| E|CS|TAMS 0x0000000086f00000, 0x0000000086f00000| Complete 
| 112|0x0000000087000000, 0x0000000087100000, 0x0000000087100000|100%| E|CS|TAMS 0x0000000087000000, 0x0000000087000000| Complete 
| 113|0x0000000087100000, 0x0000000087200000, 0x0000000087200000|100%| E|CS|TAMS 0x0000000087100000, 0x0000000087100000| Complete 
| 114|0x0000000087200000, 0x0000000087300000, 0x0000000087300000|100%| E|CS|TAMS 0x0000000087200000, 0x0000000087200000| Complete 
| 115|0x0000000087300000, 0x0000000087400000, 0x0000000087400000|100%| E|CS|TAMS 0x0000000087300000, 0x0000000087300000| Complete 
| 116|0x0000000087400000, 0x0000000087500000, 0x0000000087500000|100%| E|CS|TAMS 0x0000000087400000, 0x0000000087400000| Complete 
| 117|0x0000000087500000, 0x0000000087600000, 0x0000000087600000|100%| E|CS|TAMS 0x0000000087500000, 0x0000000087500000| Complete 
| 118|0x0000000087600000, 0x0000000087700000, 0x0000000087700000|100%| E|CS|TAMS 0x0000000087600000, 0x0000000087600000| Complete 
| 119|0x0000000087700000, 0x0000000087800000, 0x0000000087800000|100%| E|CS|TAMS 0x0000000087700000, 0x0000000087700000| Complete 
| 120|0x0000000087800000, 0x0000000087900000, 0x0000000087900000|100%| E|CS|TAMS 0x0000000087800000, 0x0000000087800000| Complete 
| 121|0x0000000087900000, 0x0000000087a00000, 0x0000000087a00000|100%| E|CS|TAMS 0x0000000087900000, 0x0000000087900000| Complete 
| 122|0x0000000087a00000, 0x0000000087b00000, 0x0000000087b00000|100%| E|CS|TAMS 0x0000000087a00000, 0x0000000087a00000| Complete 
| 123|0x0000000087b00000, 0x0000000087c00000, 0x0000000087c00000|100%| E|CS|TAMS 0x0000000087b00000, 0x0000000087b00000| Complete 
| 124|0x0000000087c00000, 0x0000000087d00000, 0x0000000087d00000|100%| E|CS|TAMS 0x0000000087c00000, 0x0000000087c00000| Complete 
| 125|0x0000000087d00000, 0x0000000087e00000, 0x0000000087e00000|100%| E|CS|TAMS 0x0000000087d00000, 0x0000000087d00000| Complete 
| 126|0x0000000087e00000, 0x0000000087f00000, 0x0000000087f00000|100%| E|CS|TAMS 0x0000000087e00000, 0x0000000087e00000| Complete 
| 127|0x0000000087f00000, 0x0000000088000000, 0x0000000088000000|100%| E|CS|TAMS 0x0000000087f00000, 0x0000000087f00000| Complete 

Card table byte_map: [0x000001b5d3c90000,0x000001b5d4090000] _byte_map_base: 0x000001b5d3890000

Marking Bits (Prev, Next): (CMBitMap*) 0x000001b5c0f4ba38, (CMBitMap*) 0x000001b5c0f4ba70
 Prev Bits: [0x000001b5d4490000, 0x000001b5d6490000)
 Next Bits: [0x000001b5d6490000, 0x000001b5d8490000)

Polling page: 0x000001b5c06f0000

Metaspace:

Usage:
  Non-class:     14.09 MB capacity,    13.89 MB ( 99%) used,   183.86 KB (  1%) free+waste,    24.75 KB ( <1%) overhead. 
      Class:      1.88 MB capacity,     1.77 MB ( 94%) used,    96.64 KB (  5%) free+waste,    11.69 KB ( <1%) overhead. 
       Both:     15.97 MB capacity,    15.66 MB ( 98%) used,   280.50 KB (  2%) free+waste,    36.44 KB ( <1%) overhead. 

Virtual space:
  Non-class space:       16.00 MB reserved,      14.25 MB ( 89%) committed 
      Class space:        1.00 GB reserved,       1.88 MB ( <1%) committed 
             Both:        1.02 GB reserved,      16.13 MB (  2%) committed 

Chunk freelists:
   Non-Class:  34.00 KB
       Class:  0 bytes
        Both:  34.00 KB

MaxMetaspaceSize: 17179869184.00 GB
CompressedClassSpaceSize: 1.00 GB

CodeHeap 'non-profiled nmethods': size=120064Kb used=730Kb max_used=730Kb free=119333Kb
 bounds [0x000001b5cc350000, 0x000001b5cc5c0000, 0x000001b5d3890000]
CodeHeap 'profiled nmethods': size=120000Kb used=3713Kb max_used=3713Kb free=116286Kb
 bounds [0x000001b5c4e20000, 0x000001b5c51d0000, 0x000001b5cc350000]
CodeHeap 'non-nmethods': size=5696Kb used=1100Kb max_used=1124Kb free=4595Kb
 bounds [0x000001b5c4890000, 0x000001b5c4b00000, 0x000001b5c4e20000]
 total_blobs=2245 nmethods=1813 adapters=345
 compilation: enabled
              stopped_count=0, restarted_count=0
 full_count=0

Compilation events (20 events):
Event: 101.018 Thread 0x000001b5da989800 nmethod 1826 0x000001b5cc400290 code [0x000001b5cc400440, 0x000001b5cc400588]
Event: 101.018 Thread 0x000001b5da9b1800 1827       1       org.gradle.launcher.daemon.server.expiry.DaemonExpirationResult::getStatus (5 bytes)
Event: 101.019 Thread 0x000001b5da9b1800 nmethod 1827 0x000001b5cc400690 code [0x000001b5cc400840, 0x000001b5cc4008f8]
Event: 101.031 Thread 0x000001b5da9b1800 1828       3       java.lang.String::indexOf (18 bytes)
Event: 101.032 Thread 0x000001b5da9b1800 nmethod 1828 0x000001b5c51bbd10 code [0x000001b5c51bbee0, 0x000001b5c51bc1a8]
Event: 101.042 Thread 0x000001b5da989800 1829       4       java.io.WinNTFileSystem::prefixLength (91 bytes)
Event: 101.054 Thread 0x000001b5da989800 nmethod 1829 0x000001b5cc400990 code [0x000001b5cc400b60, 0x000001b5cc400f68]
Event: 101.054 Thread 0x000001b5da989800 1830       4       org.gradle.launcher.daemon.context.DefaultDaemonContext$Serializer::read (182 bytes)
Event: 101.263 Thread 0x000001b5da989800 nmethod 1830 0x000001b5cc401410 code [0x000001b5cc4017c0, 0x000001b5cc404900]
Event: 103.366 Thread 0x000001b5da989800 1831       4       java.util.stream.AbstractPipeline::sequential (10 bytes)
Event: 103.367 Thread 0x000001b5da989800 nmethod 1831 0x000001b5cc406610 code [0x000001b5cc4067a0, 0x000001b5cc406818]
Event: 105.364 Thread 0x000001b5da9b1800 1832       3       java.lang.invoke.VarHandleGuards::guard_LL_V (103 bytes)
Event: 105.370 Thread 0x000001b5da9b1800 nmethod 1832 0x000001b5c51bc310 code [0x000001b5c51bc680, 0x000001b5c51be128]
Event: 105.370 Thread 0x000001b5da9b1800 1833       3       java.lang.invoke.VarHandleObjects$FieldInstanceReadWrite::set (30 bytes)
Event: 105.371 Thread 0x000001b5da9b1800 nmethod 1833 0x000001b5c51bea10 code [0x000001b5c51bec40, 0x000001b5c51bf348]
Event: 106.370 Thread 0x000001b5da9b1800 1835       3       java.util.stream.AbstractPipeline::evaluate (94 bytes)
Event: 106.372 Thread 0x000001b5da9b1800 nmethod 1835 0x000001b5c51bf610 code [0x000001b5c51bf840, 0x000001b5c51bfea8]
Event: 108.367 Thread 0x000001b5da989800 1836       4       javax.management.ObjectName::construct (1135 bytes)
Event: 108.368 Thread 0x000001b5da9b1800 1837       3       java.util.concurrent.TimeUnit::convert (77 bytes)
Event: 108.369 Thread 0x000001b5da9b1800 nmethod 1837 0x000001b5c51c0090 code [0x000001b5c51c02a0, 0x000001b5c51c05e8]

GC Heap History (6 events):
Event: 2.058 GC heap before
{Heap before GC invocations=0 (full 0):
 garbage-first heap   total 131072K, used 19456K [0x0000000080000000, 0x0000000100000000)
  region size 1024K, 14 young (14336K), 0 survivors (0K)
 Metaspace       used 7428K, capacity 7599K, committed 7680K, reserved 1056768K
  class space    used 685K, capacity 748K, committed 768K, reserved 1048576K
}
Event: 2.073 GC heap after
{Heap after GC invocations=1 (full 0):
 garbage-first heap   total 131072K, used 8136K [0x0000000080000000, 0x0000000100000000)
  region size 1024K, 2 young (2048K), 2 survivors (2048K)
 Metaspace       used 7428K, capacity 7599K, committed 7680K, reserved 1056768K
  class space    used 685K, capacity 748K, committed 768K, reserved 1048576K
}
Event: 3.455 GC heap before
{Heap before GC invocations=1 (full 0):
 garbage-first heap   total 131072K, used 19400K [0x0000000080000000, 0x0000000100000000)
  region size 1024K, 13 young (13312K), 2 survivors (2048K)
 Metaspace       used 10478K, capacity 10693K, committed 11008K, reserved 1058816K
  class space    used 1100K, capacity 1164K, committed 1280K, reserved 1048576K
}
Event: 3.464 GC heap after
{Heap after GC invocations=2 (full 0):
 garbage-first heap   total 131072K, used 9030K [0x0000000080000000, 0x0000000100000000)
  region size 1024K, 1 young (1024K), 1 survivors (1024K)
 Metaspace       used 10478K, capacity 10693K, committed 11008K, reserved 1058816K
  class space    used 1100K, capacity 1164K, committed 1280K, reserved 1048576K
}
Event: 4.215 GC heap before
{Heap before GC invocations=2 (full 0):
 garbage-first heap   total 131072K, used 33606K [0x0000000080000000, 0x0000000100000000)
  region size 1024K, 26 young (26624K), 1 survivors (1024K)
 Metaspace       used 10607K, capacity 10757K, committed 11008K, reserved 1058816K
  class space    used 1100K, capacity 1164K, committed 1280K, reserved 1048576K
}
Event: 4.227 GC heap after
{Heap after GC invocations=3 (full 0):
 garbage-first heap   total 131072K, used 12342K [0x0000000080000000, 0x0000000100000000)
  region size 1024K, 4 young (4096K), 4 survivors (4096K)
 Metaspace       used 10607K, capacity 10757K, committed 11008K, reserved 1058816K
  class space    used 1100K, capacity 1164K, committed 1280K, reserved 1048576K
}

Deoptimization events (20 events):
Event: 5.901 Thread 0x000001b5beead000 DEOPT PACKING pc=0x000001b5cc3b08a4 sp=0x0000002d926fe7b0
Event: 5.901 Thread 0x000001b5beead000 DEOPT UNPACKING pc=0x000001b5c48b68a9 sp=0x0000002d926fe748 mode 2
Event: 5.901 Thread 0x000001b5beead000 Uncommon trap: trap_request=0xffffffc6 fr.pc=0x000001b5cc3b0c74 relative=0x0000000000000134
Event: 5.901 Thread 0x000001b5beead000 Uncommon trap: reason=bimorphic_or_optimized_type_check action=maybe_recompile pc=0x000001b5cc3b0c74 method=java.util.AbstractList$Itr.next()Ljava/lang/Object; @ 14 c2
Event: 5.901 Thread 0x000001b5beead000 DEOPT PACKING pc=0x000001b5cc3b0c74 sp=0x0000002d926fe7a0
Event: 5.901 Thread 0x000001b5beead000 DEOPT UNPACKING pc=0x000001b5c48b68a9 sp=0x0000002d926fe738 mode 2
Event: 7.476 Thread 0x000001b5beead000 Uncommon trap: trap_request=0xffffff4d fr.pc=0x000001b5cc399bd0 relative=0x00000000000017b0
Event: 7.476 Thread 0x000001b5beead000 Uncommon trap: reason=unstable_if action=reinterpret pc=0x000001b5cc399bd0 method=java.io.WinNTFileSystem.normalize(Ljava/lang/String;)Ljava/lang/String; @ 128 c2
Event: 7.476 Thread 0x000001b5beead000 DEOPT PACKING pc=0x000001b5cc399bd0 sp=0x0000002d926fbfa0
Event: 7.477 Thread 0x000001b5beead000 DEOPT UNPACKING pc=0x000001b5c48b68a9 sp=0x0000002d926fbf78 mode 2
Event: 7.498 Thread 0x000001b5beead000 DEOPT PACKING pc=0x000001b5c4eb5bff sp=0x0000002d926fbf00
Event: 7.498 Thread 0x000001b5beead000 DEOPT UNPACKING pc=0x000001b5c48b66bf sp=0x0000002d926fb350 mode 0
Event: 10.612 Thread 0x000001b5beead000 Uncommon trap: trap_request=0xffffffc6 fr.pc=0x000001b5cc3b08a4 relative=0x0000000000000084
Event: 10.612 Thread 0x000001b5beead000 Uncommon trap: reason=bimorphic_or_optimized_type_check action=maybe_recompile pc=0x000001b5cc3b08a4 method=java.util.AbstractList$Itr.hasNext()Z @ 8 c2
Event: 10.612 Thread 0x000001b5beead000 DEOPT PACKING pc=0x000001b5cc3b08a4 sp=0x0000002d926fdab0
Event: 10.612 Thread 0x000001b5beead000 DEOPT UNPACKING pc=0x000001b5c48b68a9 sp=0x0000002d926fda48 mode 2
Event: 10.612 Thread 0x000001b5beead000 Uncommon trap: trap_request=0xffffffc6 fr.pc=0x000001b5cc3b0c74 relative=0x0000000000000134
Event: 10.612 Thread 0x000001b5beead000 Uncommon trap: reason=bimorphic_or_optimized_type_check action=maybe_recompile pc=0x000001b5cc3b0c74 method=java.util.AbstractList$Itr.next()Ljava/lang/Object; @ 14 c2
Event: 10.612 Thread 0x000001b5beead000 DEOPT PACKING pc=0x000001b5cc3b0c74 sp=0x0000002d926fdaa0
Event: 10.612 Thread 0x000001b5beead000 DEOPT UNPACKING pc=0x000001b5c48b68a9 sp=0x0000002d926fda38 mode 2

Classes redefined (0 events):
No events

Internal exceptions (20 events):
Event: 1.806 Thread 0x000001b5beead000 Exception <a 'java/lang/NoClassDefFoundError'{0x00000000874e3fd0}: org/slf4j/impl/StaticMarkerBinder> (0x00000000874e3fd0) thrown at [./src/hotspot/share/classfile/systemDictionary.cpp, line 220]
Event: 2.143 Thread 0x000001b5beead000 Exception <a 'java/lang/NoSuchMethodError'{0x0000000087f7e7c0}: 'java.lang.Object java.lang.invoke.DirectMethodHandle$Holder.invokeVirtual(java.lang.Object, java.lang.Object, java.lang.Object, java.lang.Object, java.lang.Object)'> (0x0000000087f7e7c0) thrown at [./src/hotspot/share/interpreter/linkResolver.cpp, line 773]
Event: 4.246 Thread 0x000001b5beead000 Exception <a 'java/security/PrivilegedActionException'{0x0000000087fab110}> (0x0000000087fab110) thrown at [./src/hotspot/share/prims/jvm.cpp, line 1297]
Event: 4.247 Thread 0x000001b5beead000 Exception <a 'java/security/PrivilegedActionException'{0x0000000087fab688}> (0x0000000087fab688) thrown at [./src/hotspot/share/prims/jvm.cpp, line 1297]
Event: 4.248 Thread 0x000001b5beead000 Exception <a 'java/security/PrivilegedActionException'{0x0000000087fac998}> (0x0000000087fac998) thrown at [./src/hotspot/share/prims/jvm.cpp, line 1297]
Event: 4.248 Thread 0x000001b5beead000 Exception <a 'java/security/PrivilegedActionException'{0x0000000087facf10}> (0x0000000087facf10) thrown at [./src/hotspot/share/prims/jvm.cpp, line 1297]
Event: 4.248 Thread 0x000001b5beead000 Exception <a 'java/security/PrivilegedActionException'{0x0000000087fae2f8}> (0x0000000087fae2f8) thrown at [./src/hotspot/share/prims/jvm.cpp, line 1297]
Event: 4.248 Thread 0x000001b5beead000 Exception <a 'java/security/PrivilegedActionException'{0x0000000087fae870}> (0x0000000087fae870) thrown at [./src/hotspot/share/prims/jvm.cpp, line 1297]
Event: 4.249 Thread 0x000001b5beead000 Exception <a 'java/security/PrivilegedActionException'{0x0000000087fafbc0}> (0x0000000087fafbc0) thrown at [./src/hotspot/share/prims/jvm.cpp, line 1297]
Event: 4.249 Thread 0x000001b5beead000 Exception <a 'java/security/PrivilegedActionException'{0x0000000087fb0138}> (0x0000000087fb0138) thrown at [./src/hotspot/share/prims/jvm.cpp, line 1297]
Event: 4.249 Thread 0x000001b5beead000 Exception <a 'java/security/PrivilegedActionException'{0x0000000087fb14a0}> (0x0000000087fb14a0) thrown at [./src/hotspot/share/prims/jvm.cpp, line 1297]
Event: 4.249 Thread 0x000001b5beead000 Exception <a 'java/security/PrivilegedActionException'{0x0000000087fb1a18}> (0x0000000087fb1a18) thrown at [./src/hotspot/share/prims/jvm.cpp, line 1297]
Event: 4.250 Thread 0x000001b5beead000 Exception <a 'java/security/PrivilegedActionException'{0x0000000087fb2e00}> (0x0000000087fb2e00) thrown at [./src/hotspot/share/prims/jvm.cpp, line 1297]
Event: 4.250 Thread 0x000001b5beead000 Exception <a 'java/security/PrivilegedActionException'{0x0000000087fb3378}> (0x0000000087fb3378) thrown at [./src/hotspot/share/prims/jvm.cpp, line 1297]
Event: 5.203 Thread 0x000001b5beead000 Exception <a 'java/lang/NoSuchMethodError'{0x0000000086e28538}: 'java.lang.Object java.lang.invoke.DirectMethodHandle$Holder.invokeStaticInit(java.lang.Object, java.lang.Object, java.lang.Object)'> (0x0000000086e28538) thrown at [./src/hotspot/share/interpreter/linkResolver.cpp, line 773]
Event: 5.770 Thread 0x000001b5beead000 Exception <a 'java/lang/NoSuchMethodError'{0x0000000086aaf448}: 'java.lang.Object java.lang.invoke.Invokers$Holder.invoker(java.lang.Object, java.lang.Object, java.lang.Object, java.lang.Object, java.lang.Object)'> (0x0000000086aaf448) thrown at [./src/hotspot/share/interpreter/linkResolver.cpp, line 773]
Event: 5.786 Thread 0x000001b5beead000 Exception <a 'java/lang/NoSuchMethodError'{0x0000000086ac00c0}: 'void java.lang.invoke.DelegatingMethodHandle$Holder.delegate(java.lang.Object, java.lang.Object, int, java.lang.Object)'> (0x0000000086ac00c0) thrown at [./src/hotspot/share/interpreter/linkResolver.cpp, line 773]
Event: 5.936 Thread 0x000001b5beead000 Exception <a 'java/lang/NoSuchMethodError'{0x000000008697bfa0}: 'java.lang.Object java.lang.invoke.DirectMethodHandle$Holder.invokeStaticInit(java.lang.Object, int, int, int, int)'> (0x000000008697bfa0) thrown at [./src/hotspot/share/interpreter/linkResolver.cpp, line 773]
Event: 7.488 Thread 0x000001b5beead000 Exception <a 'java/lang/NoSuchMethodError'{0x0000000086999e08}: 'java.lang.Object java.lang.invoke.DirectMethodHandle$Holder.invokeStaticInit(java.lang.Object, java.lang.Object, int, int, int, int)'> (0x0000000086999e08) thrown at [./src/hotspot/share/interpreter/linkResolver.cpp, line 773]
Event: 10.953 Thread 0x000001b5beead000 Exception <a 'java/io/IOException'{0x00000000867cde40}> (0x00000000867cde40) thrown at [./src/hotspot/share/prims/jni.cpp, line 615]

Events (20 events):
Event: 21.037 Executing VM operation: RevokeBias
Event: 21.038 Executing VM operation: RevokeBias done
Event: 21.038 Executing VM operation: RevokeBias
Event: 21.038 Executing VM operation: RevokeBias done
Event: 21.039 Executing VM operation: RevokeBias
Event: 21.040 Executing VM operation: RevokeBias done
Event: 21.072 Executing VM operation: RevokeBias
Event: 21.072 Executing VM operation: RevokeBias done
Event: 21.072 Executing VM operation: RevokeBias
Event: 21.072 Executing VM operation: RevokeBias done
Event: 21.073 Executing VM operation: RevokeBias
Event: 21.073 Executing VM operation: RevokeBias done
Event: 21.073 loading class org/gradle/launcher/daemon/server/DaemonRegistryUnavailableExpirationStrategy$1
Event: 21.073 loading class org/gradle/launcher/daemon/server/DaemonRegistryUnavailableExpirationStrategy$1 done
Event: 21.074 loading class com/google/common/collect/Lists$TransformingSequentialList$1
Event: 21.074 loading class com/google/common/collect/Lists$TransformingSequentialList$1 done
Event: 21.075 loading class com/google/common/collect/TransformedListIterator
Event: 21.075 loading class com/google/common/collect/TransformedListIterator done
Event: 21.077 loading class com/google/common/collect/TransformedIterator
Event: 21.077 loading class com/google/common/collect/TransformedIterator done


Dynamic libraries:
0x00007ff7a0cc0000 - 0x00007ff7a0cca000 	C:\Program Files\Android\Android Studio1\jre\bin\java.exe
0x00007fff5c850000 - 0x00007fff5ca45000 	C:\WINDOWS\SYSTEM32\ntdll.dll
0x00007fff5b710000 - 0x00007fff5b7ce000 	C:\WINDOWS\System32\KERNEL32.DLL
0x00007fff5a4a0000 - 0x00007fff5a769000 	C:\WINDOWS\System32\KERNELBASE.dll
0x00007fff5a770000 - 0x00007fff5a870000 	C:\WINDOWS\System32\ucrtbase.dll
0x00007fff52d20000 - 0x00007fff52d37000 	C:\Program Files\Android\Android Studio1\jre\bin\VCRUNTIME140.dll
0x00007fff39330000 - 0x00007fff39349000 	C:\Program Files\Android\Android Studio1\jre\bin\jli.dll
0x00007fff5c050000 - 0x00007fff5c1f1000 	C:\WINDOWS\System32\USER32.dll
0x00007fff5a260000 - 0x00007fff5a282000 	C:\WINDOWS\System32\win32u.dll
0x00007fff492b0000 - 0x00007fff4954a000 	C:\WINDOWS\WinSxS\amd64_microsoft.windows.common-controls_6595b64144ccf1df_6.0.19041.1110_none_60b5254171f9507e\COMCTL32.dll
0x00007fff5b7f0000 - 0x00007fff5b81b000 	C:\WINDOWS\System32\GDI32.dll
0x00007fff5a150000 - 0x00007fff5a25b000 	C:\WINDOWS\System32\gdi32full.dll
0x00007fff5b670000 - 0x00007fff5b70e000 	C:\WINDOWS\System32\msvcrt.dll
0x00007fff5a0b0000 - 0x00007fff5a14d000 	C:\WINDOWS\System32\msvcp_win.dll
0x00007fff5c4e0000 - 0x00007fff5c510000 	C:\WINDOWS\System32\IMM32.DLL
0x00007fff37880000 - 0x00007fff3791d000 	C:\Program Files\Android\Android Studio1\jre\bin\msvcp140.dll
0x00007fff00ab0000 - 0x00007fff0156c000 	C:\Program Files\Android\Android Studio1\jre\bin\server\jvm.dll
0x00007fff5c760000 - 0x00007fff5c80c000 	C:\WINDOWS\System32\ADVAPI32.dll
0x00007fff5a8a0000 - 0x00007fff5a93b000 	C:\WINDOWS\System32\sechost.dll
0x00007fff5c200000 - 0x00007fff5c32a000 	C:\WINDOWS\System32\RPCRT4.dll
0x00007fff5a940000 - 0x00007fff5a948000 	C:\WINDOWS\System32\PSAPI.DLL
0x00007fff47bc0000 - 0x00007fff47be7000 	C:\WINDOWS\SYSTEM32\WINMM.dll
0x00007fff4a770000 - 0x00007fff4a77a000 	C:\WINDOWS\SYSTEM32\VERSION.dll
0x00007fff49620000 - 0x00007fff49629000 	C:\WINDOWS\SYSTEM32\WSOCK32.dll
0x00007fff5b470000 - 0x00007fff5b4db000 	C:\WINDOWS\System32\WS2_32.dll
0x00007fff57e20000 - 0x00007fff57e32000 	C:\WINDOWS\SYSTEM32\kernel.appcore.dll
0x00007fff54a40000 - 0x00007fff54a51000 	C:\Program Files\Android\Android Studio1\jre\bin\verify.dll
0x00007fff477a0000 - 0x00007fff47984000 	C:\WINDOWS\SYSTEM32\DBGHELP.DLL
0x00007fff47240000 - 0x00007fff4726c000 	C:\WINDOWS\SYSTEM32\dbgcore.DLL
0x00007fff59fc0000 - 0x00007fff5a043000 	C:\WINDOWS\System32\bcryptPrimitives.dll
0x00007fff540d0000 - 0x00007fff540f9000 	C:\Program Files\Android\Android Studio1\jre\bin\java.dll
0x00007fff559d0000 - 0x00007fff559db000 	C:\Program Files\Android\Android Studio1\jre\bin\jimage.dll
0x00007fff46190000 - 0x00007fff461a8000 	C:\Program Files\Android\Android Studio1\jre\bin\zip.dll
0x00007fff5b880000 - 0x00007fff5bfbf000 	C:\WINDOWS\System32\SHELL32.dll
0x00007fff58030000 - 0x00007fff587c0000 	C:\WINDOWS\SYSTEM32\windows.storage.dll
0x00007fff5a9c0000 - 0x00007fff5ad15000 	C:\WINDOWS\System32\combase.dll
0x00007fff59810000 - 0x00007fff5983c000 	C:\WINDOWS\SYSTEM32\Wldp.dll
0x00007fff5b310000 - 0x00007fff5b3bd000 	C:\WINDOWS\System32\SHCORE.dll
0x00007fff5b610000 - 0x00007fff5b665000 	C:\WINDOWS\System32\shlwapi.dll
0x00007fff59eb0000 - 0x00007fff59ecf000 	C:\WINDOWS\SYSTEM32\profapi.dll
0x00007fff3c4c0000 - 0x00007fff3c4da000 	C:\Program Files\Android\Android Studio1\jre\bin\net.dll
0x00007fff506d0000 - 0x00007fff507d8000 	C:\WINDOWS\SYSTEM32\WINHTTP.dll
0x00007fff595f0000 - 0x00007fff5965a000 	C:\WINDOWS\system32\mswsock.dll
0x00007fff3c4a0000 - 0x00007fff3c4b4000 	C:\Program Files\Android\Android Studio1\jre\bin\nio.dll
0x00007fff55a00000 - 0x00007fff55a27000 	D:\ekart\gradle\wrapper\native\fdc75f09e3144964f2cf3f50f0aa648679c211496f362492102eb8c894070792\windows-amd64\native-platform.dll
0x00007fff39350000 - 0x00007fff394e6000 	D:\ekart\gradle\wrapper\native\12488b8bf47d2d4c9fbf2f6322a914ad602e24e48041cd04a747c6da556b65c4\windows-amd64\native-platform-file-events.dll
0x00007fff54920000 - 0x00007fff5492a000 	C:\Program Files\Android\Android Studio1\jre\bin\management.dll
0x00007fff548b0000 - 0x00007fff548bc000 	C:\Program Files\Android\Android Studio1\jre\bin\management_ext.dll
0x00007fff59b90000 - 0x00007fff59ba8000 	C:\WINDOWS\SYSTEM32\CRYPTSP.dll
0x00007fff58f90000 - 0x00007fff58fc4000 	C:\WINDOWS\system32\rsaenh.dll
0x00007fff5a870000 - 0x00007fff5a897000 	C:\WINDOWS\System32\bcrypt.dll
0x00007fff59e70000 - 0x00007fff59e9e000 	C:\WINDOWS\SYSTEM32\USERENV.dll
0x00007fff59780000 - 0x00007fff5978c000 	C:\WINDOWS\SYSTEM32\CRYPTBASE.dll
0x00007fff59300000 - 0x00007fff5933b000 	C:\WINDOWS\SYSTEM32\IPHLPAPI.DLL
0x00007fff5bfc0000 - 0x00007fff5bfc8000 	C:\WINDOWS\System32\NSI.dll
0x00007fff52120000 - 0x00007fff52137000 	C:\WINDOWS\SYSTEM32\dhcpcsvc6.DLL
0x00007fff51b70000 - 0x00007fff51b8d000 	C:\WINDOWS\SYSTEM32\dhcpcsvc.DLL
0x00007fff59340000 - 0x00007fff5940c000 	C:\WINDOWS\SYSTEM32\DNSAPI.dll
0x00007fff528a0000 - 0x00007fff528ab000 	C:\WINDOWS\SYSTEM32\WINNSI.DLL

dbghelp: loaded successfully - version: 4.0.5 - missing functions: none
symbol engine: initialized successfully - sym options: 0x614 - pdb path: .;C:\Program Files\Android\Android Studio1\jre\bin;C:\WINDOWS\SYSTEM32;C:\WINDOWS\WinSxS\amd64_microsoft.windows.common-controls_6595b64144ccf1df_6.0.19041.1110_none_60b5254171f9507e;C:\Program Files\Android\Android Studio1\jre\bin\server;D:\ekart\gradle\wrapper\native\fdc75f09e3144964f2cf3f50f0aa648679c211496f362492102eb8c894070792\windows-amd64;D:\ekart\gradle\wrapper\native\12488b8bf47d2d4c9fbf2f6322a914ad602e24e48041cd04a747c6da556b65c4\windows-amd64

VM Arguments:
jvm_args: --add-opens=java.base/java.util=ALL-UNNAMED --add-opens=java.base/java.lang=ALL-UNNAMED --add-opens=java.base/java.lang.invoke=ALL-UNNAMED --add-opens=java.prefs/java.util.prefs=ALL-UNNAMED -Xmx2048m -Dfile.encoding=UTF-8 -Duser.country=US -Duser.language=en -Duser.variant 
java_command: org.gradle.launcher.daemon.bootstrap.GradleDaemon 6.7.1
java_class_path (initial): D:\ekart\gradle\wrapper\wrapper\dists\gradle-6.7.1-bin\bwlcbys1h7rz3272sye1xwiv6\gradle-6.7.1\lib\gradle-launcher-6.7.1.jar
Launcher Type: SUN_STANDARD

[Global flags]
     intx CICompilerCount                          = 3                                         {product} {ergonomic}
     uint ConcGCThreads                            = 1                                         {product} {ergonomic}
     uint G1ConcRefinementThreads                  = 4                                         {product} {ergonomic}
   size_t G1HeapRegionSize                         = 1048576                                   {product} {ergonomic}
    uintx GCDrainStackTargetSize                   = 64                                        {product} {ergonomic}
   size_t InitialHeapSize                          = 134217728                                 {product} {ergonomic}
   size_t MarkStackSize                            = 4194304                                   {product} {ergonomic}
   size_t MaxHeapSize                              = 2147483648                                {product} {command line}
   size_t MaxNewSize                               = 1287651328                                {product} {ergonomic}
   size_t MinHeapDeltaBytes                        = 1048576                                   {product} {ergonomic}
    uintx NonNMethodCodeHeapSize                   = 5830732                                {pd product} {ergonomic}
    uintx NonProfiledCodeHeapSize                  = 122913754                              {pd product} {ergonomic}
    uintx ProfiledCodeHeapSize                     = 122913754                              {pd product} {ergonomic}
    uintx ReservedCodeCacheSize                    = 251658240                              {pd product} {ergonomic}
     bool SegmentedCodeCache                       = true                                      {product} {ergonomic}
     bool UseCompressedClassPointers               = true                                 {lp64_product} {ergonomic}
     bool UseCompressedOops                        = true                                 {lp64_product} {ergonomic}
     bool UseG1GC                                  = true                                      {product} {ergonomic}
     bool UseLargePagesIndividualAllocation        = false                                  {pd product} {ergonomic}

Logging:
Log output configuration:
 #0: stdout all=warning uptime,level,tags
 #1: stderr all=off uptime,level,tags

Environment Variables:
JAVA_HOME=C:\Program Files\Java\jdk1.8.0_291
PATH=C:\Program Files (x86)\Common Files\Oracle\Java\javapath;C:\WINDOWS\system32;C:\WINDOWS;C:\WINDOWS\System32\Wbem;C:\WINDOWS\System32\WindowsPowerShell\v1.0\;C:\WINDOWS\System32\OpenSSH\;C:\Program Files\Git\cmd;C:\Program Files\Java\jdk1.8.0_291\bin;;C:\Program Files\PuTTY\;C:\Program Files\Docker\Docker\resources\bin;C:\ProgramData\DockerDesktop\version-bin;C:\Program Files\MySQL\MySQL Shell 8.0\bin\;C:\Users\DESMOND\anaconda3;C:\Users\DESMOND\anaconda3\Library\mingw-w64\bin;C:\Users\DESMOND\anaconda3\Library\usr\bin;C:\Users\DESMOND\anaconda3\Library\bin;C:\Users\DESMOND\anaconda3\Scripts;C:\Users\DESMOND\AppData\Local\Microsoft\WindowsApps;C:\Users\DESMOND\AppData\Local\Programs\Microsoft VS Code\bin;C:\Users\DESMOND\AppData\Local\GitHubDesktop\bin;C:\Users\DESMOND\flutter\bin;C:\Users\DESMOND\flutter\bin;C:\Program Files\heroku\bin;SPARK_HOME%\bin;C:\BigDataLocalSetup\hadoop\bin;
USERNAME=DESMOND
OS=Windows_NT
PROCESSOR_IDENTIFIER=Intel64 Family 6 Model 76 Stepping 4, GenuineIntel



---------------  S Y S T E M  ---------------

OS: Windows 10 , 64 bit Build 19041 (10.0.19041.1202)
OS uptime: 0 days 0:35 hours
HyperV virtualization detected

CPU:total 4 (initial active 4) (4 cores per cpu, 1 threads per core) family 6 model 76 stepping 4, cmov, cx8, fxsr, mmx, sse, sse2, sse3, ssse3, sse4.1, sse4.2, popcnt, aes, clmul, erms, 3dnowpref, tsc, tscinvbit

Memory: 4k page, system-wide physical 8095M (355M free)
TotalPageFile size 20530M (AvailPageFile size 0M)
current process WorkingSet (physical memory assigned to process): 107M, peak: 116M
current process commit charge ("private bytes"): 232M, peak: 237M

vm_info: OpenJDK 64-Bit Server VM (11.0.8+10-b944.6842174) for windows-amd64 JRE (11.0.8+10-b944.6842174), built on Sep 19 2020 01:11:42 by "builder" with MS VC++ 14.0 (VS2015)

END.
