#
# There is insufficient memory for the Java Runtime Environment to continue.
# Native memory allocation (malloc) failed to allocate 32784 bytes for Chunk::new
# Possible reasons:
#   The system is out of physical RAM or swap space
#   The process is running with CompressedOops enabled, and the Java Heap may be blocking the growth of the native heap
# Possible solutions:
#   Reduce memory load on the system
#   Increase physical memory or swap space
#   Check if swap backing store is full
#   Decrease Java heap size (-Xmx/-Xms)
#   Decrease number of Java threads
#   Decrease Java thread stack sizes (-Xss)
#   Set larger code cache with -XX:ReservedCodeCacheSize=
#   JVM is running with Unscaled Compressed Oops mode in which the Java heap is
#     placed in the first 4GB address space. The Java Heap base address is the
#     maximum limit for the native heap growth. Please use -XX:HeapBaseMinAddress
#     to set the Java Heap base and to place the Java Heap above 4GB virtual address.
# This output file may be truncated or incomplete.
#
#  Out of Memory Error (allocation.cpp:389), pid=7572, tid=0x00000000000026d8
#
# JRE version: Java(TM) SE Runtime Environment (8.0_291-b10) (build 1.8.0_291-b10)
# Java VM: Java HotSpot(TM) 64-Bit Server VM (25.291-b10 mixed mode windows-amd64 compressed oops)
# Failed to write core dump. Minidumps are not enabled by default on client versions of Windows
#

---------------  T H R E A D  ---------------

Current thread (0x00000167b941f800):  JavaThread "C2 CompilerThread1" daemon [_thread_in_native, id=9944, stack(0x0000006055500000,0x0000006055600000)]

Stack: [0x0000006055500000,0x0000006055600000]
Native frames: (J=compiled Java code, j=interpreted, Vv=VM code, C=native code)
V  [jvm.dll+0x32ea19]
V  [jvm.dll+0x275462]
V  [jvm.dll+0x27610d]
V  [jvm.dll+0x26cb45]
V  [jvm.dll+0xd524c]
V  [jvm.dll+0xd5a4c]
V  [jvm.dll+0xd559d]
V  [jvm.dll+0x4c619f]
V  [jvm.dll+0x48dfe3]
V  [jvm.dll+0x442199]
V  [jvm.dll+0x43fae4]
V  [jvm.dll+0x42aa57]
V  [jvm.dll+0xabeeb]
V  [jvm.dll+0xaa54b]
V  [jvm.dll+0x23db02]
V  [jvm.dll+0x29210c]
C  [ucrtbase.dll+0x21bb2]
C  [KERNEL32.DLL+0x17034]
C  [ntdll.dll+0x52651]


Current CompileTask:
C2: 479526 1657       4       org.gradle.internal.remote.internal.inet.MultiChoiceAddressSerializer::read (95 bytes)


---------------  P R O C E S S  ---------------

Java Threads: ( => current thread )
  0x00000167bade3000 JavaThread "Daemon periodic checks" [_thread_blocked, id=12312, stack(0x0000006055d00000,0x0000006055e00000)]
  0x00000167ba0f3800 JavaThread "Incoming local TCP Connector on port 63517" [_thread_in_native, id=13748, stack(0x0000006055c00000,0x0000006055d00000)]
  0x00000167ba995800 JavaThread "Daemon health stats" [_thread_blocked, id=12444, stack(0x0000006055900000,0x0000006055a00000)]
  0x00000167b942a800 JavaThread "Service Thread" daemon [_thread_blocked, id=5656, stack(0x0000006055700000,0x0000006055800000)]
  0x00000167b9429800 JavaThread "C1 CompilerThread2" daemon [_thread_blocked, id=15248, stack(0x0000006055600000,0x0000006055700000)]
=>0x00000167b941f800 JavaThread "C2 CompilerThread1" daemon [_thread_in_native, id=9944, stack(0x0000006055500000,0x0000006055600000)]
  0x00000167b93d4800 JavaThread "C2 CompilerThread0" daemon [_thread_blocked, id=8692, stack(0x0000006055400000,0x0000006055500000)]
  0x00000167b93d2000 JavaThread "Attach Listener" daemon [_thread_blocked, id=15168, stack(0x0000006055300000,0x0000006055400000)]
  0x00000167b93d1000 JavaThread "Signal Dispatcher" daemon [_thread_blocked, id=15256, stack(0x0000006055200000,0x0000006055300000)]
  0x00000167b8c84000 JavaThread "Finalizer" daemon [_thread_blocked, id=5152, stack(0x0000006055100000,0x0000006055200000)]
  0x00000167b93b6000 JavaThread "Reference Handler" daemon [_thread_blocked, id=13348, stack(0x0000006055000000,0x0000006055100000)]
  0x00000167a502f000 JavaThread "main" [_thread_blocked, id=9236, stack(0x0000006054a00000,0x0000006054b00000)]

Other Threads:
  0x00000167b9393000 VMThread [stack: 0x0000006054f00000,0x0000006055000000] [id=1264]
  0x00000167b9431800 WatcherThread [stack: 0x0000006055800000,0x0000006055900000] [id=14472]

VM state:not at safepoint (normal execution)

VM Mutex/Monitor currently owned by a thread: None

heap address: 0x00000000c0000000, size: 1024 MB, Compressed Oops mode: 32-bit
Narrow klass base: 0x0000000000000000, Narrow klass shift: 3
Compressed class space size: 1073741824 Address: 0x0000000100000000

Heap:
 PSYoungGen      total 38400K, used 12390K [0x00000000eab00000, 0x00000000ed580000, 0x0000000100000000)
  eden space 33280K, 21% used [0x00000000eab00000,0x00000000eb21db48,0x00000000ecb80000)
  from space 5120K, 99% used [0x00000000ecb80000,0x00000000ed07c030,0x00000000ed080000)
  to   space 5120K, 0% used [0x00000000ed080000,0x00000000ed080000,0x00000000ed580000)
 ParOldGen       total 87552K, used 730K [0x00000000c0000000, 0x00000000c5580000, 0x00000000eab00000)
  object space 87552K, 0% used [0x00000000c0000000,0x00000000c00b6ad0,0x00000000c5580000)
 Metaspace       used 11571K, capacity 11938K, committed 12160K, reserved 1060864K
  class space    used 1520K, capacity 1637K, committed 1664K, reserved 1048576K

Card table byte_map: [0x00000167b5e00000,0x00000167b6010000] byte_map_base: 0x00000167b5800000

Marking Bits: (ParMarkBitMap*) 0x000000006ec37fe0
 Begin Bits: [0x00000167b6170000, 0x00000167b7170000)
 End Bits:   [0x00000167b7170000, 0x00000167b8170000)

Polling page: 0x00000167a6a10000

CodeCache: size=245760Kb used=5471Kb max_used=5766Kb free=240288Kb
 bounds [0x00000167a6a40000, 0x00000167a6ff0000, 0x00000167b5a40000]
 total_blobs=1915 nmethods=1550 adapters=278
 compilation: enabled

Compilation events (10 events):
Event: 479.028 Thread 0x00000167b9429800 nmethod 1656 0x00000167a6b8c350 code [0x00000167a6b8c4e0, 0x00000167a6b8ca10]
Event: 479.367 Thread 0x00000167b941f800 1657       4       org.gradle.internal.remote.internal.inet.MultiChoiceAddressSerializer::read (95 bytes)
Event: 479.380 Thread 0x00000167b93d4800 1658       4       org.gradle.launcher.daemon.registry.DaemonInfo::<init> (12 bytes)
Event: 479.388 Thread 0x00000167b93d4800 nmethod 1658 0x00000167a6c43f50 code [0x00000167a6c44080, 0x00000167a6c44118]
Event: 479.410 Thread 0x00000167b9429800 1659       3       java.util.HashMap::values (25 bytes)
Event: 479.412 Thread 0x00000167b9429800 nmethod 1659 0x00000167a6bee310 code [0x00000167a6bee480, 0x00000167a6bee7b8]
Event: 479.413 Thread 0x00000167b9429800 1660       3       java.util.HashMap$Values::iterator (12 bytes)
Event: 479.414 Thread 0x00000167b9429800 nmethod 1660 0x00000167a6b8f650 code [0x00000167a6b8f7c0, 0x00000167a6b8fa30]
Event: 479.415 Thread 0x00000167b9429800 1661       3       java.util.HashMap$ValueIterator::<init> (11 bytes)
Event: 479.416 Thread 0x00000167b9429800 nmethod 1661 0x00000167a6b5d210 code [0x00000167a6b5d380, 0x00000167a6b5d530]

GC Heap History (6 events):
Event: 8.450 GC heap before
{Heap before GC invocations=1 (full 0):
 PSYoungGen      total 38400K, used 33280K [0x00000000eab00000, 0x00000000ed580000, 0x0000000100000000)
  eden space 33280K, 100% used [0x00000000eab00000,0x00000000ecb80000,0x00000000ecb80000)
  from space 5120K, 0% used [0x00000000ed080000,0x00000000ed080000,0x00000000ed580000)
  to   space 5120K, 0% used [0x00000000ecb80000,0x00000000ecb80000,0x00000000ed080000)
 ParOldGen       total 87552K, used 0K [0x00000000c0000000, 0x00000000c5580000, 0x00000000eab00000)
  object space 87552K, 0% used [0x00000000c0000000,0x00000000c0000000,0x00000000c5580000)
 Metaspace       used 7137K, capacity 7422K, committed 7680K, reserved 1056768K
  class space    used 903K, capacity 1005K, committed 1024K, reserved 1048576K
Event: 8.485 GC heap after
Heap after GC invocations=1 (full 0):
 PSYoungGen      total 38400K, used 4488K [0x00000000eab00000, 0x00000000ed580000, 0x0000000100000000)
  eden space 33280K, 0% used [0x00000000eab00000,0x00000000eab00000,0x00000000ecb80000)
  from space 5120K, 87% used [0x00000000ecb80000,0x00000000ecfe2008,0x00000000ed080000)
  to   space 5120K, 0% used [0x00000000ed080000,0x00000000ed080000,0x00000000ed580000)
 ParOldGen       total 87552K, used 16K [0x00000000c0000000, 0x00000000c5580000, 0x00000000eab00000)
  object space 87552K, 0% used [0x00000000c0000000,0x00000000c0004000,0x00000000c5580000)
 Metaspace       used 7137K, capacity 7422K, committed 7680K, reserved 1056768K
  class space    used 903K, capacity 1005K, committed 1024K, reserved 1048576K
}
Event: 11.524 GC heap before
{Heap before GC invocations=2 (full 0):
 PSYoungGen      total 38400K, used 37768K [0x00000000eab00000, 0x00000000ed580000, 0x0000000100000000)
  eden space 33280K, 100% used [0x00000000eab00000,0x00000000ecb80000,0x00000000ecb80000)
  from space 5120K, 87% used [0x00000000ecb80000,0x00000000ecfe2008,0x00000000ed080000)
  to   space 5120K, 0% used [0x00000000ed080000,0x00000000ed080000,0x00000000ed580000)
 ParOldGen       total 87552K, used 16K [0x00000000c0000000, 0x00000000c5580000, 0x00000000eab00000)
  object space 87552K, 0% used [0x00000000c0000000,0x00000000c0004000,0x00000000c5580000)
 Metaspace       used 7361K, capacity 7620K, committed 7680K, reserved 1056768K
  class space    used 920K, capacity 1007K, committed 1024K, reserved 1048576K
Event: 11.536 GC heap after
Heap after GC invocations=2 (full 0):
 PSYoungGen      total 38400K, used 3358K [0x00000000eab00000, 0x00000000ed580000, 0x0000000100000000)
  eden space 33280K, 0% used [0x00000000eab00000,0x00000000eab00000,0x00000000ecb80000)
  from space 5120K, 65% used [0x00000000ed080000,0x00000000ed3c7810,0x00000000ed580000)
  to   space 5120K, 0% used [0x00000000ecb80000,0x00000000ecb80000,0x00000000ed080000)
 ParOldGen       total 87552K, used 24K [0x00000000c0000000, 0x00000000c5580000, 0x00000000eab00000)
  object space 87552K, 0% used [0x00000000c0000000,0x00000000c0006000,0x00000000c5580000)
 Metaspace       used 7361K, capacity 7620K, committed 7680K, reserved 1056768K
  class space    used 920K, capacity 1007K, committed 1024K, reserved 1048576K
}
Event: 229.390 GC heap before
{Heap before GC invocations=3 (full 0):
 PSYoungGen      total 38400K, used 36638K [0x00000000eab00000, 0x00000000ed580000, 0x0000000100000000)
  eden space 33280K, 100% used [0x00000000eab00000,0x00000000ecb80000,0x00000000ecb80000)
  from space 5120K, 65% used [0x00000000ed080000,0x00000000ed3c7810,0x00000000ed580000)
  to   space 5120K, 0% used [0x00000000ecb80000,0x00000000ecb80000,0x00000000ed080000)
 ParOldGen       total 87552K, used 24K [0x00000000c0000000, 0x00000000c5580000, 0x00000000eab00000)
  object space 87552K, 0% used [0x00000000c0000000,0x00000000c0006000,0x00000000c5580000)
 Metaspace       used 11442K, capacity 11746K, committed 11904K, reserved 1058816K
  class space    used 1520K, capacity 1637K, committed 1664K, reserved 1048576K
Event: 229.410 GC heap after
Heap after GC invocations=3 (full 0):
 PSYoungGen      total 38400K, used 5104K [0x00000000eab00000, 0x00000000ed580000, 0x0000000100000000)
  eden space 33280K, 0% used [0x00000000eab00000,0x00000000eab00000,0x00000000ecb80000)
  from space 5120K, 99% used [0x00000000ecb80000,0x00000000ed07c030,0x00000000ed080000)
  to   space 5120K, 0% used [0x00000000ed080000,0x00000000ed080000,0x00000000ed580000)
 ParOldGen       total 87552K, used 730K [0x00000000c0000000, 0x00000000c5580000, 0x00000000eab00000)
  object space 87552K, 0% used [0x00000000c0000000,0x00000000c00b6ad0,0x00000000c5580000)
 Metaspace       used 11442K, capacity 11746K, committed 11904K, reserved 1058816K
  class space    used 1520K, capacity 1637K, committed 1664K, reserved 1048576K
}

Deoptimization events (9 events):
Event: 3.289 Thread 0x00000167a502f000 Uncommon trap: reason=unstable_if action=reinterpret pc=0x00000167a6c09244 method=java.lang.String.toLowerCase(Ljava/util/Locale;)Ljava/lang/String; @ 85
Event: 6.017 Thread 0x00000167a502f000 Uncommon trap: reason=unstable_if action=reinterpret pc=0x00000167a6c04940 method=java.util.regex.Matcher.reset()Ljava/util/regex/Matcher; @ 47
Event: 6.691 Thread 0x00000167a502f000 Uncommon trap: reason=unstable_if action=reinterpret pc=0x00000167a6c82a58 method=java.lang.String.indexOf([CII[CIII)I @ 3
Event: 8.826 Thread 0x00000167a502f000 Uncommon trap: reason=unstable_if action=reinterpret pc=0x00000167a6ca0ef4 method=java.lang.String.lastIndexOf([CII[CIII)I @ 66
Event: 12.441 Thread 0x00000167a502f000 Uncommon trap: reason=unstable_if action=reinterpret pc=0x00000167a6d9cbdc method=java.util.Properties$LineReader.readLine()I @ 323
Event: 12.441 Thread 0x00000167a502f000 Uncommon trap: reason=unstable_if action=reinterpret pc=0x00000167a6d9f168 method=java.util.Properties.loadConvert([CII[C)Ljava/lang/String; @ 57
Event: 12.442 Thread 0x00000167a502f000 Uncommon trap: reason=class_check action=maybe_recompile pc=0x00000167a6d8b708 method=java.util.regex.Matcher.match(II)Z @ 86
Event: 13.628 Thread 0x00000167a502f000 Uncommon trap: reason=unstable_if action=reinterpret pc=0x00000167a6d96e10 method=java.util.Properties$LineReader.readLine()I @ 252
Event: 15.171 Thread 0x00000167a502f000 Uncommon trap: reason=unstable_if action=reinterpret pc=0x00000167a6d3581c method=java.io.WinNTFileSystem.normalize(Ljava/lang/String;)Ljava/lang/String; @ 128

Classes redefined (0 events):
No events

Internal exceptions (10 events):
Event: 6.884 Thread 0x00000167a502f000 Exception <a 'java/lang/ArrayIndexOutOfBoundsException'> (0x00000000ebd83f20) thrown at [C:\jenkins\workspace\8-2-build-windows-amd64-cygwin\jdk8u291\1294\hotspot\src\share\vm\runtime\sharedRuntime.cpp, line 609]
Event: 6.898 Thread 0x00000167a502f000 Exception <a 'java/lang/ArrayIndexOutOfBoundsException'> (0x00000000ebd88400) thrown at [C:\jenkins\workspace\8-2-build-windows-amd64-cygwin\jdk8u291\1294\hotspot\src\share\vm\runtime\sharedRuntime.cpp, line 609]
Event: 6.899 Thread 0x00000167a502f000 Exception <a 'java/lang/ArrayIndexOutOfBoundsException'> (0x00000000ebd8a5d8) thrown at [C:\jenkins\workspace\8-2-build-windows-amd64-cygwin\jdk8u291\1294\hotspot\src\share\vm\runtime\sharedRuntime.cpp, line 609]
Event: 7.135 Thread 0x00000167a502f000 Exception <a 'java/lang/ArrayIndexOutOfBoundsException'> (0x00000000ec073b38) thrown at [C:\jenkins\workspace\8-2-build-windows-amd64-cygwin\jdk8u291\1294\hotspot\src\share\vm\runtime\sharedRuntime.cpp, line 609]
Event: 7.152 Thread 0x00000167a502f000 Exception <a 'java/lang/ArrayIndexOutOfBoundsException'> (0x00000000ec07fbb0) thrown at [C:\jenkins\workspace\8-2-build-windows-amd64-cygwin\jdk8u291\1294\hotspot\src\share\vm\runtime\sharedRuntime.cpp, line 609]
Event: 7.153 Thread 0x00000167a502f000 Exception <a 'java/lang/ArrayIndexOutOfBoundsException'> (0x00000000ec0822a8) thrown at [C:\jenkins\workspace\8-2-build-windows-amd64-cygwin\jdk8u291\1294\hotspot\src\share\vm\runtime\sharedRuntime.cpp, line 609]
Event: 7.155 Thread 0x00000167a502f000 Exception <a 'java/lang/ArrayIndexOutOfBoundsException'> (0x00000000ec091230) thrown at [C:\jenkins\workspace\8-2-build-windows-amd64-cygwin\jdk8u291\1294\hotspot\src\share\vm\runtime\sharedRuntime.cpp, line 609]
Event: 7.155 Thread 0x00000167a502f000 Exception <a 'java/lang/ArrayIndexOutOfBoundsException'> (0x00000000ec093258) thrown at [C:\jenkins\workspace\8-2-build-windows-amd64-cygwin\jdk8u291\1294\hotspot\src\share\vm\runtime\sharedRuntime.cpp, line 609]
Event: 7.158 Thread 0x00000167a502f000 Exception <a 'java/lang/ArrayIndexOutOfBoundsException'> (0x00000000ec0a6408) thrown at [C:\jenkins\workspace\8-2-build-windows-amd64-cygwin\jdk8u291\1294\hotspot\src\share\vm\runtime\sharedRuntime.cpp, line 609]
Event: 19.275 Thread 0x00000167a502f000 Exception <a 'java/io/IOException'> (0x00000000ec58bf38) thrown at [C:\jenkins\workspace\8-2-build-windows-amd64-cygwin\jdk8u291\1294\hotspot\src\share\vm\prims\jni.cpp, line 710]

Events (10 events):
Event: 479.392 Thread 0x00000167b93d4800 flushing nmethod 0x00000167a6cd9e50
Event: 479.392 Thread 0x00000167b93d4800 flushing nmethod 0x00000167a6cda350
Event: 479.393 Thread 0x00000167b93d4800 flushing nmethod 0x00000167a6cdbe50
Event: 479.393 Thread 0x00000167b93d4800 flushing nmethod 0x00000167a6cdc210
Event: 479.412 Thread 0x00000167b9429800 flushing nmethod 0x00000167a6d12210
Event: 479.412 Thread 0x00000167b9429800 flushing nmethod 0x00000167a6d12890
Event: 479.413 Thread 0x00000167b9429800 flushing nmethod 0x00000167a6d30c10
Event: 479.413 Thread 0x00000167b9429800 flushing nmethod 0x00000167a6d31410
Event: 479.414 Thread 0x00000167b9429800 flushing nmethod 0x00000167a6d649d0
Event: 479.415 Thread 0x00000167b9429800 flushing nmethod 0x00000167a6d81690


Dynamic libraries:
0x00007ff6f8060000 - 0x00007ff6f80a7000 	C:\Program Files\Java\jdk1.8.0_291\bin\java.exe
0x00007fffc4710000 - 0x00007fffc4905000 	C:\WINDOWS\SYSTEM32\ntdll.dll
0x00007fffc3240000 - 0x00007fffc32fe000 	C:\WINDOWS\System32\KERNEL32.DLL
0x00007fffc2260000 - 0x00007fffc2529000 	C:\WINDOWS\System32\KERNELBASE.dll
0x00007fffc4420000 - 0x00007fffc44cc000 	C:\WINDOWS\System32\ADVAPI32.dll
0x00007fffc2860000 - 0x00007fffc28fe000 	C:\WINDOWS\System32\msvcrt.dll
0x00007fffc2760000 - 0x00007fffc27fb000 	C:\WINDOWS\System32\sechost.dll
0x00007fffc3cd0000 - 0x00007fffc3dfa000 	C:\WINDOWS\System32\RPCRT4.dll
0x00007fffc3310000 - 0x00007fffc34b1000 	C:\WINDOWS\System32\USER32.dll
0x00007fffc1e30000 - 0x00007fffc1e52000 	C:\WINDOWS\System32\win32u.dll
0x00007fffc3c00000 - 0x00007fffc3c2b000 	C:\WINDOWS\System32\GDI32.dll
0x00007fffc1e60000 - 0x00007fffc1f6b000 	C:\WINDOWS\System32\gdi32full.dll
0x00007fffc2530000 - 0x00007fffc25cd000 	C:\WINDOWS\System32\msvcp_win.dll
0x00007fffc2660000 - 0x00007fffc2760000 	C:\WINDOWS\System32\ucrtbase.dll
0x00007fffb1dc0000 - 0x00007fffb205a000 	C:\WINDOWS\WinSxS\amd64_microsoft.windows.common-controls_6595b64144ccf1df_6.0.19041.1110_none_60b5254171f9507e\COMCTL32.dll
0x00007fffc2df0000 - 0x00007fffc2e20000 	C:\WINDOWS\System32\IMM32.DLL
0x00007fffb37d0000 - 0x00007fffb37e5000 	C:\Program Files\Java\jdk1.8.0_291\jre\bin\vcruntime140.dll
0x00007fffabcb0000 - 0x00007fffabd4b000 	C:\Program Files\Java\jdk1.8.0_291\jre\bin\msvcp140.dll
0x000000006e450000 - 0x000000006ecb0000 	C:\Program Files\Java\jdk1.8.0_291\jre\bin\server\jvm.dll
0x00007fffc3300000 - 0x00007fffc3308000 	C:\WINDOWS\System32\PSAPI.DLL
0x00007fffaefe0000 - 0x00007fffaefe9000 	C:\WINDOWS\SYSTEM32\WSOCK32.dll
0x00007fffc4660000 - 0x00007fffc46cb000 	C:\WINDOWS\System32\WS2_32.dll
0x00007fffaf510000 - 0x00007fffaf537000 	C:\WINDOWS\SYSTEM32\WINMM.dll
0x00007fffb7f10000 - 0x00007fffb7f1a000 	C:\WINDOWS\SYSTEM32\VERSION.dll
0x00007fffbfcf0000 - 0x00007fffbfd02000 	C:\WINDOWS\SYSTEM32\kernel.appcore.dll
0x00007fffba8e0000 - 0x00007fffba8f0000 	C:\Program Files\Java\jdk1.8.0_291\jre\bin\verify.dll
0x00007fffabc80000 - 0x00007fffabcab000 	C:\Program Files\Java\jdk1.8.0_291\jre\bin\java.dll
0x00007fffabc60000 - 0x00007fffabc78000 	C:\Program Files\Java\jdk1.8.0_291\jre\bin\zip.dll
0x00007fffc34c0000 - 0x00007fffc3bff000 	C:\WINDOWS\System32\SHELL32.dll
0x00007fffbfef0000 - 0x00007fffc0680000 	C:\WINDOWS\SYSTEM32\windows.storage.dll
0x00007fffc2a90000 - 0x00007fffc2de5000 	C:\WINDOWS\System32\combase.dll
0x00007fffc16d0000 - 0x00007fffc16fc000 	C:\WINDOWS\SYSTEM32\Wldp.dll
0x00007fffc4530000 - 0x00007fffc45dd000 	C:\WINDOWS\System32\SHCORE.dll
0x00007fffc2800000 - 0x00007fffc2855000 	C:\WINDOWS\System32\shlwapi.dll
0x00007fffc1d70000 - 0x00007fffc1d8f000 	C:\WINDOWS\SYSTEM32\profapi.dll
0x00007fffabc40000 - 0x00007fffabc5c000 	C:\Program Files\Java\jdk1.8.0_291\jre\bin\net.dll
0x00007fffc14b0000 - 0x00007fffc151a000 	C:\WINDOWS\system32\mswsock.dll
0x00007fffabc20000 - 0x00007fffabc33000 	C:\Program Files\Java\jdk1.8.0_291\jre\bin\nio.dll
0x00007fff8e1e0000 - 0x00007fff8e207000 	D:\ekart\gradle\wrapper\native\fdc75f09e3144964f2cf3f50f0aa648679c211496f362492102eb8c894070792\windows-amd64\native-platform.dll
0x00007fff6f570000 - 0x00007fff6f706000 	D:\ekart\gradle\wrapper\native\12488b8bf47d2d4c9fbf2f6322a914ad602e24e48041cd04a747c6da556b65c4\windows-amd64\native-platform-file-events.dll
0x00007fffb15f0000 - 0x00007fffb15fd000 	C:\Program Files\Java\jdk1.8.0_291\jre\bin\management.dll
0x00007fffc1a50000 - 0x00007fffc1a68000 	C:\WINDOWS\SYSTEM32\CRYPTSP.dll
0x00007fffc0e50000 - 0x00007fffc0e84000 	C:\WINDOWS\system32\rsaenh.dll
0x00007fffc2230000 - 0x00007fffc2257000 	C:\WINDOWS\System32\bcrypt.dll
0x00007fffc1d30000 - 0x00007fffc1d5e000 	C:\WINDOWS\SYSTEM32\USERENV.dll
0x00007fffc25d0000 - 0x00007fffc2653000 	C:\WINDOWS\System32\bcryptprimitives.dll
0x00007fffc1640000 - 0x00007fffc164c000 	C:\WINDOWS\SYSTEM32\CRYPTBASE.dll
0x00007fffc11c0000 - 0x00007fffc11fb000 	C:\WINDOWS\SYSTEM32\IPHLPAPI.DLL
0x00007fffc2900000 - 0x00007fffc2908000 	C:\WINDOWS\System32\NSI.dll
0x00007fffba3e0000 - 0x00007fffba3f7000 	C:\WINDOWS\SYSTEM32\dhcpcsvc6.DLL
0x00007fffba3c0000 - 0x00007fffba3dd000 	C:\WINDOWS\SYSTEM32\dhcpcsvc.DLL
0x00007fffc1200000 - 0x00007fffc12cc000 	C:\WINDOWS\SYSTEM32\DNSAPI.dll
0x00007fffba8f0000 - 0x00007fffba8fb000 	C:\WINDOWS\SYSTEM32\WINNSI.DLL
0x00007fffaedd0000 - 0x00007fffaefb4000 	C:\WINDOWS\SYSTEM32\dbghelp.dll

VM Arguments:
jvm_args: -Xmx1024m -Dfile.encoding=windows-1252 -Duser.country=US -Duser.language=en -Duser.variant 
java_command: org.gradle.launcher.daemon.bootstrap.GradleDaemon 6.7.1
java_class_path (initial): D:\ekart\gradle\wrapper\wrapper\dists\gradle-6.7.1-bin\bwlcbys1h7rz3272sye1xwiv6\gradle-6.7.1\lib\gradle-launcher-6.7.1.jar
Launcher Type: SUN_STANDARD

Environment Variables:
JAVA_HOME=C:\Program Files\Java\jdk1.8.0_291
PATH=C:\Program Files (x86)\Common Files\Oracle\Java\javapath;C:\WINDOWS\system32;C:\WINDOWS;C:\WINDOWS\System32\Wbem;C:\WINDOWS\System32\WindowsPowerShell\v1.0\;C:\WINDOWS\System32\OpenSSH\;C:\Program Files\Git\cmd;C:\Program Files\Java\jdk1.8.0_291\bin;;C:\Program Files\PuTTY\;C:\Program Files\Docker\Docker\resources\bin;C:\ProgramData\DockerDesktop\version-bin;C:\Program Files\MySQL\MySQL Shell 8.0\bin\;C:\Users\DESMOND\anaconda3;C:\Users\DESMOND\anaconda3\Library\mingw-w64\bin;C:\Users\DESMOND\anaconda3\Library\usr\bin;C:\Users\DESMOND\anaconda3\Library\bin;C:\Users\DESMOND\anaconda3\Scripts;C:\Users\DESMOND\AppData\Local\Microsoft\WindowsApps;C:\Users\DESMOND\AppData\Local\Programs\Microsoft VS Code\bin;C:\Users\DESMOND\AppData\Local\GitHubDesktop\bin;C:\Users\DESMOND\flutter\bin;C:\Users\DESMOND\flutter\bin;C:\Program Files\heroku\bin;SPARK_HOME%\bin;C:\BigDataLocalSetup\hadoop\bin;
USERNAME=DESMOND
OS=Windows_NT
PROCESSOR_IDENTIFIER=Intel64 Family 6 Model 76 Stepping 4, GenuineIntel



---------------  S Y S T E M  ---------------

OS: Windows 10.0 , 64 bit Build 19041 (10.0.19041.1202)

CPU:total 4 (initial active 4) (4 cores per cpu, 1 threads per core) family 6 model 76 stepping 4, cmov, cx8, fxsr, mmx, sse, sse2, sse3, ssse3, sse4.1, sse4.2, popcnt, aes, clmul, erms, 3dnowpref, tsc, tscinvbit

Memory: 4k page, physical 8289648k(377548k free), swap 21023048k(728k free)

vm_info: Java HotSpot(TM) 64-Bit Server VM (25.291-b10) for windows-amd64 JRE (1.8.0_291-b10), built on Apr  9 2021 00:02:00 by "java_re" with MS VC++ 15.9 (VS2017)

time: Thu Oct 21 11:43:17 2021
timezone: E. Africa Standard Time
elapsed time: 479.555155 seconds (0d 0h 7m 59s)

